# JRE version: OpenJDK Runtime Environment Temurin-17.0.3+7 (17.0.3+7) (build 17.0.3+7)
# Java VM: OpenJDK 64-Bit Server VM Temurin-17.0.3+7 (17.0.3+7, mixed mode, tiered, compressed oops, compressed class ptrs, g1 gc, windows-amd64)
GC Precious Log:
 CPUs: 2 total, 2 available
 Memory: 8189M
 Large Page Support: Disabled
 NUMA Support: Disabled
 Compressed Oops: Enabled (32-bit)
 Heap Region Size: 1M
 Heap Min Capacity: 8M
 Heap Initial Capacity: 128M
 Heap Max Capacity: 2G
 Pre-touch: Disabled
 Parallel Workers: 2
 Concurrent Workers: 1
 Concurrent Refinement Workers: 2
 Periodic GC: Disabled
Heap:
 garbage-first heap   total 56320K, used 31288K [0x0000000080000000, 0x0000000100000000)
  region size 1024K, 2 young (2048K), 1 survivors (1024K)
 Metaspace       used 32066K, committed 32256K, reserved 1081344K
  class space    used 3625K, committed 3712K, reserved 1048576K
GC Heap History (18 events):
Event: 0.914 GC heap before
{Heap before GC invocations=0 (full 0):
 garbage-first heap   total 131072K, used 5120K [0x0000000080000000, 0x0000000100000000)
  region size 1024K, 6 young (6144K), 0 survivors (0K)
 Metaspace       used 5067K, committed 5184K, reserved 1056768K
  class space    used 416K, committed 512K, reserved 1048576K
}
Event: 0.920 GC heap after
{Heap after GC invocations=1 (full 0):
 garbage-first heap   total 131072K, used 3521K [0x0000000080000000, 0x0000000100000000)
  region size 1024K, 1 young (1024K), 1 survivors (1024K)
 Metaspace       used 5067K, committed 5184K, reserved 1056768K
  class space    used 416K, committed 512K, reserved 1048576K
}
Event: 1.454 GC heap before
{Heap before GC invocations=1 (full 0):
 garbage-first heap   total 131072K, used 8641K [0x0000000080000000, 0x0000000100000000)
  region size 1024K, 6 young (6144K), 1 survivors (1024K)
 Metaspace       used 8638K, committed 8832K, reserved 1056768K
  class space    used 756K, committed 896K, reserved 1048576K
}
Event: 1.458 GC heap after
{Heap after GC invocations=2 (full 0):
 garbage-first heap   total 131072K, used 6750K [0x0000000080000000, 0x0000000100000000)
  region size 1024K, 1 young (1024K), 1 survivors (1024K)
 Metaspace       used 8638K, committed 8832K, reserved 1056768K
  class space    used 756K, committed 896K, reserved 1048576K
}
Event: 1.957 GC heap before
{Heap before GC invocations=2 (full 0):
 garbage-first heap   total 131072K, used 13918K [0x0000000080000000, 0x0000000100000000)
  region size 1024K, 8 young (8192K), 1 survivors (1024K)
 Metaspace       used 13261K, committed 13440K, reserved 1064960K
  class space    used 1256K, committed 1344K, reserved 1048576K
}
Event: 1.962 GC heap after
{Heap after GC invocations=3 (full 0):
 garbage-first heap   total 131072K, used 8558K [0x0000000080000000, 0x0000000100000000)
  region size 1024K, 1 young (1024K), 1 survivors (1024K)
 Metaspace       used 13261K, committed 13440K, reserved 1064960K
  class space    used 1256K, committed 1344K, reserved 1048576K
}
Event: 2.903 GC heap before
{Heap before GC invocations=3 (full 0):
 garbage-first heap   total 131072K, used 29038K [0x0000000080000000, 0x0000000100000000)
  region size 1024K, 23 young (23552K), 1 survivors (1024K)
 Metaspace       used 21401K, committed 21504K, reserved 1073152K
  class space    used 2181K, committed 2240K, reserved 1048576K
}
Event: 2.910 GC heap after
{Heap after GC invocations=4 (full 0):
 garbage-first heap   total 131072K, used 10525K [0x0000000080000000, 0x0000000100000000)
  region size 1024K, 3 young (3072K), 3 survivors (3072K)
 Metaspace       used 21401K, committed 21504K, reserved 1073152K
  class space    used 2181K, committed 2240K, reserved 1048576K
}
Event: 4.105 GC heap before
{Heap before GC invocations=5 (full 0):
 garbage-first heap   total 40960K, used 31005K [0x0000000080000000, 0x0000000100000000)
  region size 1024K, 24 young (24576K), 3 survivors (3072K)
 Metaspace       used 27746K, committed 28032K, reserved 1081344K
  class space    used 3056K, committed 3200K, reserved 1048576K
}
Event: 4.122 GC heap after
{Heap after GC invocations=6 (full 0):
 garbage-first heap   total 40960K, used 12213K [0x0000000080000000, 0x0000000100000000)
  region size 1024K, 2 young (2048K), 2 survivors (2048K)
 Metaspace       used 27746K, committed 28032K, reserved 1081344K
  class space    used 3056K, committed 3200K, reserved 1048576K
}
Event: 4.531 GC heap before
{Heap before GC invocations=6 (full 0):
 garbage-first heap   total 40960K, used 18357K [0x0000000080000000, 0x0000000100000000)
  region size 1024K, 9 young (9216K), 2 survivors (2048K)
 Metaspace       used 29553K, committed 29760K, reserved 1081344K
  class space    used 3305K, committed 3392K, reserved 1048576K
}
Event: 4.537 GC heap after
{Heap after GC invocations=7 (full 0):
 garbage-first heap   total 40960K, used 12487K [0x0000000080000000, 0x0000000100000000)
  region size 1024K, 2 young (2048K), 2 survivors (2048K)
 Metaspace       used 29553K, committed 29760K, reserved 1081344K
  class space    used 3305K, committed 3392K, reserved 1048576K
}
Event: 10.033 GC heap before
{Heap before GC invocations=7 (full 0):
 garbage-first heap   total 40960K, used 35015K [0x0000000080000000, 0x0000000100000000)
  region size 1024K, 8 young (8192K), 2 survivors (2048K)
 Metaspace       used 31622K, committed 31872K, reserved 1081344K
  class space    used 3563K, committed 3648K, reserved 1048576K
}
Event: 10.054 GC heap after
{Heap after GC invocations=8 (full 0):
 garbage-first heap   total 40960K, used 30838K [0x0000000080000000, 0x0000000100000000)
  region size 1024K, 2 young (2048K), 2 survivors (2048K)
 Metaspace       used 31622K, committed 31872K, reserved 1081344K
  class space    used 3563K, committed 3648K, reserved 1048576K
}
Event: 10.287 GC heap before
{Heap before GC invocations=8 (full 0):
 garbage-first heap   total 40960K, used 31862K [0x0000000080000000, 0x0000000100000000)
  region size 1024K, 3 young (3072K), 2 survivors (2048K)
 Metaspace       used 31827K, committed 32000K, reserved 1081344K
  class space    used 3590K, committed 3648K, reserved 1048576K
}
Event: 10.295 GC heap after
{Heap after GC invocations=9 (full 0):
 garbage-first heap   total 40960K, used 31265K [0x0000000080000000, 0x0000000100000000)
  region size 1024K, 1 young (1024K), 1 survivors (1024K)
 Metaspace       used 31827K, committed 32000K, reserved 1081344K
  class space    used 3590K, committed 3648K, reserved 1048576K
}
Event: 10.418 GC heap before
{Heap before GC invocations=10 (full 0):
 garbage-first heap   total 56320K, used 31265K [0x0000000080000000, 0x0000000100000000)
  region size 1024K, 2 young (2048K), 1 survivors (1024K)
 Metaspace       used 31964K, committed 32192K, reserved 1081344K
  class space    used 3609K, committed 3712K, reserved 1048576K
}
Event: 10.420 GC heap after
{Heap after GC invocations=11 (full 0):
 garbage-first heap   total 56320K, used 31288K [0x0000000080000000, 0x0000000100000000)
  region size 1024K, 1 young (1024K), 1 survivors (1024K)
 Metaspace       used 31964K, committed 32192K, reserved 1081344K
  class space    used 3609K, committed 3712K, reserved 1048576K
}

