# JRE version: OpenJDK Runtime Environment Temurin-17.0.3+7 (17.0.3+7) (build 17.0.3+7)
# Java VM: OpenJDK 64-Bit Server VM Temurin-17.0.3+7 (17.0.3+7, mixed mode, tiered, compressed oops, compressed class ptrs, g1 gc, windows-amd64)
GC Precious Log:
 CPUs: 2 total, 2 available
 Memory: 8189M
 Large Page Support: Disabled
 NUMA Support: Disabled
 Compressed Oops: Enabled (32-bit)
 Heap Region Size: 1M
 Heap Min Capacity: 8M
 Heap Initial Capacity: 128M
 Heap Max Capacity: 2G
 Pre-touch: Disabled
 Parallel Workers: 2
 Concurrent Workers: 1
 Concurrent Refinement Workers: 2
 Periodic GC: Disabled
Heap:
 garbage-first heap   total 56320K, used 32383K [0x0000000080000000, 0x0000000100000000)
  region size 1024K, 3 young (3072K), 1 survivors (1024K)
 Metaspace       used 32069K, committed 32256K, reserved 1081344K
  class space    used 3629K, committed 3712K, reserved 1048576K
GC Heap History (16 events):
Event: 0.340 GC heap before
{Heap before GC invocations=0 (full 0):
 garbage-first heap   total 131072K, used 5120K [0x0000000080000000, 0x0000000100000000)
  region size 1024K, 6 young (6144K), 0 survivors (0K)
 Metaspace       used 5063K, committed 5184K, reserved 1056768K
  class space    used 416K, committed 512K, reserved 1048576K
}
Event: 0.343 GC heap after
{Heap after GC invocations=1 (full 0):
 garbage-first heap   total 131072K, used 3517K [0x0000000080000000, 0x0000000100000000)
  region size 1024K, 1 young (1024K), 1 survivors (1024K)
 Metaspace       used 5063K, committed 5184K, reserved 1056768K
  class space    used 416K, committed 512K, reserved 1048576K
}
Event: 0.649 GC heap before
{Heap before GC invocations=1 (full 0):
 garbage-first heap   total 131072K, used 8637K [0x0000000080000000, 0x0000000100000000)
  region size 1024K, 6 young (6144K), 1 survivors (1024K)
 Metaspace       used 8645K, committed 8832K, reserved 1056768K
  class space    used 757K, committed 896K, reserved 1048576K
}
Event: 0.652 GC heap after
{Heap after GC invocations=2 (full 0):
 garbage-first heap   total 131072K, used 6559K [0x0000000080000000, 0x0000000100000000)
  region size 1024K, 1 young (1024K), 1 survivors (1024K)
 Metaspace       used 8645K, committed 8832K, reserved 1056768K
  class space    used 757K, committed 896K, reserved 1048576K
}
Event: 1.067 GC heap before
{Heap before GC invocations=2 (full 0):
 garbage-first heap   total 131072K, used 13727K [0x0000000080000000, 0x0000000100000000)
  region size 1024K, 8 young (8192K), 1 survivors (1024K)
 Metaspace       used 13310K, committed 13440K, reserved 1064960K
  class space    used 1261K, committed 1344K, reserved 1048576K
}
Event: 1.072 GC heap after
{Heap after GC invocations=3 (full 0):
 garbage-first heap   total 131072K, used 8514K [0x0000000080000000, 0x0000000100000000)
  region size 1024K, 1 young (1024K), 1 survivors (1024K)
 Metaspace       used 13310K, committed 13440K, reserved 1064960K
  class space    used 1261K, committed 1344K, reserved 1048576K
}
Event: 1.922 GC heap before
{Heap before GC invocations=3 (full 0):
 garbage-first heap   total 131072K, used 28994K [0x0000000080000000, 0x0000000100000000)
  region size 1024K, 23 young (23552K), 1 survivors (1024K)
 Metaspace       used 21386K, committed 21504K, reserved 1073152K
  class space    used 2187K, committed 2240K, reserved 1048576K
}
Event: 1.928 GC heap after
{Heap after GC invocations=4 (full 0):
 garbage-first heap   total 131072K, used 10532K [0x0000000080000000, 0x0000000100000000)
  region size 1024K, 3 young (3072K), 3 survivors (3072K)
 Metaspace       used 21386K, committed 21504K, reserved 1073152K
  class space    used 2187K, committed 2240K, reserved 1048576K
}
Event: 2.828 GC heap before
{Heap before GC invocations=5 (full 0):
 garbage-first heap   total 40960K, used 31012K [0x0000000080000000, 0x0000000100000000)
  region size 1024K, 24 young (24576K), 3 survivors (3072K)
 Metaspace       used 27654K, committed 27904K, reserved 1081344K
  class space    used 3046K, committed 3136K, reserved 1048576K
}
Event: 2.838 GC heap after
{Heap after GC invocations=6 (full 0):
 garbage-first heap   total 40960K, used 12232K [0x0000000080000000, 0x0000000100000000)
  region size 1024K, 2 young (2048K), 2 survivors (2048K)
 Metaspace       used 27654K, committed 27904K, reserved 1081344K
  class space    used 3046K, committed 3136K, reserved 1048576K
}
Event: 3.085 GC heap before
{Heap before GC invocations=6 (full 0):
 garbage-first heap   total 40960K, used 18376K [0x0000000080000000, 0x0000000100000000)
  region size 1024K, 9 young (9216K), 2 survivors (2048K)
 Metaspace       used 29524K, committed 29696K, reserved 1081344K
  class space    used 3305K, committed 3392K, reserved 1048576K
}
Event: 3.091 GC heap after
{Heap after GC invocations=7 (full 0):
 garbage-first heap   total 40960K, used 12503K [0x0000000080000000, 0x0000000100000000)
  region size 1024K, 2 young (2048K), 2 survivors (2048K)
 Metaspace       used 29524K, committed 29696K, reserved 1081344K
  class space    used 3305K, committed 3392K, reserved 1048576K
}
Event: 5.063 GC heap before
{Heap before GC invocations=7 (full 0):
 garbage-first heap   total 40960K, used 35031K [0x0000000080000000, 0x0000000100000000)
  region size 1024K, 8 young (8192K), 2 survivors (2048K)
 Metaspace       used 31623K, committed 31808K, reserved 1081344K
  class space    used 3565K, committed 3648K, reserved 1048576K
}
Event: 5.068 GC heap after
{Heap after GC invocations=8 (full 0):
 garbage-first heap   total 40960K, used 31019K [0x0000000080000000, 0x0000000100000000)
  region size 1024K, 2 young (2048K), 2 survivors (2048K)
 Metaspace       used 31623K, committed 31808K, reserved 1081344K
  class space    used 3565K, committed 3648K, reserved 1048576K
}
Event: 5.108 GC heap before
{Heap before GC invocations=8 (full 0):
 garbage-first heap   total 40960K, used 32043K [0x0000000080000000, 0x0000000100000000)
  region size 1024K, 3 young (3072K), 2 survivors (2048K)
 Metaspace       used 31807K, committed 32000K, reserved 1081344K
  class space    used 3587K, committed 3648K, reserved 1048576K
}
Event: 5.111 GC heap after
{Heap after GC invocations=9 (full 0):
 garbage-first heap   total 40960K, used 31359K [0x0000000080000000, 0x0000000100000000)
  region size 1024K, 1 young (1024K), 1 survivors (1024K)
 Metaspace       used 31807K, committed 32000K, reserved 1081344K
  class space    used 3587K, committed 3648K, reserved 1048576K
}

