# JRE version: OpenJDK Runtime Environment Temurin-17.0.3+7 (17.0.3+7) (build 17.0.3+7)
# Java VM: OpenJDK 64-Bit Server VM Temurin-17.0.3+7 (17.0.3+7, mixed mode, tiered, compressed oops, compressed class ptrs, g1 gc, windows-amd64)
GC Precious Log:
 CPUs: 2 total, 2 available
 Memory: 8189M
 Large Page Support: Disabled
 NUMA Support: Disabled
 Compressed Oops: Enabled (32-bit)
 Heap Region Size: 1M
 Heap Min Capacity: 8M
 Heap Initial Capacity: 128M
 Heap Max Capacity: 2G
 Pre-touch: Disabled
 Parallel Workers: 2
 Concurrent Workers: 1
 Concurrent Refinement Workers: 2
 Periodic GC: Disabled
Heap:
 garbage-first heap   total 53248K, used 36923K [0x0000000080000000, 0x0000000100000000)
  region size 1024K, 9 young (9216K), 1 survivors (1024K)
 Metaspace       used 31969K, committed 32192K, reserved 1081344K
  class space    used 3603K, committed 3712K, reserved 1048576K
GC Heap History (14 events):
Event: 0.690 GC heap before
{Heap before GC invocations=0 (full 0):
 garbage-first heap   total 131072K, used 5120K [0x0000000080000000, 0x0000000100000000)
  region size 1024K, 6 young (6144K), 0 survivors (0K)
 Metaspace       used 5070K, committed 5184K, reserved 1056768K
  class space    used 416K, committed 512K, reserved 1048576K
}
Event: 0.695 GC heap after
{Heap after GC invocations=1 (full 0):
 garbage-first heap   total 131072K, used 3507K [0x0000000080000000, 0x0000000100000000)
  region size 1024K, 1 young (1024K), 1 survivors (1024K)
 Metaspace       used 5070K, committed 5184K, reserved 1056768K
  class space    used 416K, committed 512K, reserved 1048576K
}
Event: 1.131 GC heap before
{Heap before GC invocations=1 (full 0):
 garbage-first heap   total 131072K, used 8627K [0x0000000080000000, 0x0000000100000000)
  region size 1024K, 6 young (6144K), 1 survivors (1024K)
 Metaspace       used 8646K, committed 8832K, reserved 1056768K
  class space    used 757K, committed 896K, reserved 1048576K
}
Event: 1.135 GC heap after
{Heap after GC invocations=2 (full 0):
 garbage-first heap   total 131072K, used 6600K [0x0000000080000000, 0x0000000100000000)
  region size 1024K, 1 young (1024K), 1 survivors (1024K)
 Metaspace       used 8646K, committed 8832K, reserved 1056768K
  class space    used 757K, committed 896K, reserved 1048576K
}
Event: 1.862 GC heap before
{Heap before GC invocations=2 (full 0):
 garbage-first heap   total 131072K, used 13768K [0x0000000080000000, 0x0000000100000000)
  region size 1024K, 8 young (8192K), 1 survivors (1024K)
 Metaspace       used 13303K, committed 13440K, reserved 1064960K
  class space    used 1261K, committed 1344K, reserved 1048576K
}
Event: 1.872 GC heap after
{Heap after GC invocations=3 (full 0):
 garbage-first heap   total 131072K, used 8355K [0x0000000080000000, 0x0000000100000000)
  region size 1024K, 1 young (1024K), 1 survivors (1024K)
 Metaspace       used 13303K, committed 13440K, reserved 1064960K
  class space    used 1261K, committed 1344K, reserved 1048576K
}
Event: 3.755 GC heap before
{Heap before GC invocations=3 (full 0):
 garbage-first heap   total 131072K, used 28835K [0x0000000080000000, 0x0000000100000000)
  region size 1024K, 23 young (23552K), 1 survivors (1024K)
 Metaspace       used 21406K, committed 21504K, reserved 1073152K
  class space    used 2186K, committed 2240K, reserved 1048576K
}
Event: 3.764 GC heap after
{Heap after GC invocations=4 (full 0):
 garbage-first heap   total 131072K, used 10403K [0x0000000080000000, 0x0000000100000000)
  region size 1024K, 3 young (3072K), 3 survivors (3072K)
 Metaspace       used 21406K, committed 21504K, reserved 1073152K
  class space    used 2186K, committed 2240K, reserved 1048576K
}
Event: 5.157 GC heap before
{Heap before GC invocations=5 (full 0):
 garbage-first heap   total 40960K, used 30883K [0x0000000080000000, 0x0000000100000000)
  region size 1024K, 24 young (24576K), 3 survivors (3072K)
 Metaspace       used 27627K, committed 27840K, reserved 1081344K
  class space    used 3044K, committed 3136K, reserved 1048576K
}
Event: 5.172 GC heap after
{Heap after GC invocations=6 (full 0):
 garbage-first heap   total 40960K, used 12069K [0x0000000080000000, 0x0000000100000000)
  region size 1024K, 2 young (2048K), 2 survivors (2048K)
 Metaspace       used 27627K, committed 27840K, reserved 1081344K
  class space    used 3044K, committed 3136K, reserved 1048576K
}
Event: 5.227 GC heap before
{Heap before GC invocations=6 (full 0):
 garbage-first heap   total 40960K, used 13093K [0x0000000080000000, 0x0000000100000000)
  region size 1024K, 3 young (3072K), 2 survivors (2048K)
 Metaspace       used 27913K, committed 28160K, reserved 1081344K
  class space    used 3078K, committed 3200K, reserved 1048576K
}
Event: 5.233 GC heap after
{Heap after GC invocations=7 (full 0):
 garbage-first heap   total 40960K, used 12199K [0x0000000080000000, 0x0000000100000000)
  region size 1024K, 1 young (1024K), 1 survivors (1024K)
 Metaspace       used 27913K, committed 28160K, reserved 1081344K
  class space    used 3078K, committed 3200K, reserved 1048576K
}
Event: 5.574 GC heap before
{Heap before GC invocations=7 (full 0):
 garbage-first heap   total 40960K, used 18343K [0x0000000080000000, 0x0000000100000000)
  region size 1024K, 8 young (8192K), 1 survivors (1024K)
 Metaspace       used 29530K, committed 29696K, reserved 1081344K
  class space    used 3306K, committed 3392K, reserved 1048576K
}
Event: 5.579 GC heap after
{Heap after GC invocations=8 (full 0):
 garbage-first heap   total 53248K, used 12347K [0x0000000080000000, 0x0000000100000000)
  region size 1024K, 1 young (1024K), 1 survivors (1024K)
 Metaspace       used 29530K, committed 29696K, reserved 1081344K
  class space    used 3306K, committed 3392K, reserved 1048576K
}

