<?xml version="1.0" encoding="UTF-8"?>
<testsuite xmlns:xsi="http://www.w3.org/2001/XMLSchema-instance" xsi:noNamespaceSchemaLocation="https://maven.apache.org/surefire/maven-surefire-plugin/xsd/surefire-test-report-3.0.xsd" version="3.0" name="TestSuite" time="1,557.756" tests="162" errors="0" skipped="83" failures="55">
  <properties>
[...]
</properties>
  <testcase name="emptyLogin" classname="testsuite.loginValidation_test" time="2.219">
    <system-out><![CDATA[
Logo: https://upload.wikimedia.org/wikipedia/commons/thumb/c/cf/Coforge-Logo.png/800px-Coforge-Logo.png
File name: testng_metrics.html
Append timestamp?: null
File name(timestamp): testng_metrics.html

C:\AUL\Workspace\ADL
emptyLogin test case started
The name of the testcase passed is :emptyLogin
]]></system-out>
    <system-err><![CDATA[SLF4J: Failed to load class "org.slf4j.impl.StaticLoggerBinder".
SLF4J: Defaulting to no-operation (NOP) logger implementation
SLF4J: See http://www.slf4j.org/codes.html#StaticLoggerBinder for further details.
Starting ChromeDriver 96.0.4664.45 (76e4c1bb2ab4671b8beba3444e61c0f17584b2fc-refs/branch-heads/4664@{#947}) on port 60619
Only local connections are allowed.
Please see https://chromedriver.chromium.org/security-considerations for suggestions on keeping ChromeDriver safe.
ChromeDriver was started successfully.
[1657726495.634][WARNING]: This version of ChromeDriver has not been tested with Chrome version 97.
Jul 13, 2022 8:34:55 AM org.openqa.selenium.remote.ProtocolHandshake createSession
INFO: Detected dialect: W3C
Jul 13, 2022 8:34:55 AM org.openqa.selenium.devtools.CdpVersionFinder findNearestMatch
WARNING: Unable to find an exact match for CDP version 97, so returning the closest version found: 95
Jul 13, 2022 8:34:55 AM org.openqa.selenium.devtools.CdpVersionFinder findNearestMatch
INFO: Found CDP implementation for version 97 of 95
]]></system-err>
  </testcase>
  <testcase name="emptyLoginPassword" classname="testsuite.loginValidation_test" time="1.403">
    <system-out><![CDATA[emptyLoginPassword test case started
The name of the testcase passed is :emptyLoginPassword
]]></system-out>
  </testcase>
  <testcase name="emptyLoginUsername" classname="testsuite.loginValidation_test" time="1.101">
    <system-out><![CDATA[emptyLoginUsername test case started
The name of the testcase passed is :emptyLoginUsername
]]></system-out>
  </testcase>
  <testcase name="incorrectCredential" classname="testsuite.loginValidation_test" time="1.132">
    <system-out><![CDATA[incorrectCredential test case started
The name of the testcase passed is :incorrectCredential
]]></system-out>
  </testcase>
  <testcase name="incorrectpasswordCredential" classname="testsuite.loginValidation_test" time="1.225">
    <system-out><![CDATA[incorrectpasswordCredential test case started
The name of the testcase passed is :incorrectpasswordCredential
]]></system-out>
  </testcase>
  <testcase name="incorrectusernameCredential" classname="testsuite.loginValidation_test" time="1.121">
    <system-out><![CDATA[incorrectusernameCredential test case started
The name of the testcase passed is :incorrectusernameCredential
]]></system-out>
  </testcase>
  <testcase name="login" classname="testsuite.erate_test" time="7.541">
    <failure message="element click intercepted: Element &lt;button _ngcontent-ubs-c290=&quot;&quot; mattreenodetoggle=&quot;&quot; class=&quot;ng-tns-c290-1 mat-tree-node level-1 ng-star-inserted&quot;&gt;...&lt;/button&gt; is not clickable at point (140, 230). Other element would receive the click: &lt;div _ngcontent-ubs-c107=&quot;&quot; class=&quot;overlay ng-tns-c107-2 ng-trigger ng-trigger-fadeIn ng-star-inserted&quot; style=&quot;background-color: rgba(255, 255, 255, 0.5); z-index: 99999; position: fixed; opacity: 1;&quot;&gt;...&lt;/div&gt;&#10;  (Session info: chrome=97.0.4692.99)&#10;Build info: version: &apos;4.0.0&apos;, revision: &apos;3a21814679&apos;&#10;System info: host: &apos;AUL-DEV-03&apos;, ip: &apos;10.0.5.63&apos;, os.name: &apos;Windows 10&apos;, os.arch: &apos;amd64&apos;, os.version: &apos;10.0&apos;, java.version: &apos;1.8.0_261&apos;&#10;Driver info: org.openqa.selenium.chrome.ChromeDriver&#10;Command: [42cc9c6fb5d84ba2ae0c3caf9a2ec843, clickElement {id=f50b35c4-e6fc-4084-abb1-830e44a91d37}]&#10;Capabilities {acceptInsecureCerts: false, browserName: chrome, browserVersion: 97.0.4692.99, chrome: {chromedriverVersion: 96.0.4664.45 (76e4c1bb2ab46..., userDataDir: C:\Users\ANKIT~1.SRI\AppDat...}, goog:chromeOptions: {debuggerAddress: localhost:51181}, javascriptEnabled: true, networkConnectionEnabled: false, pageLoadStrategy: normal, platform: WINDOWS, platformName: WINDOWS, proxy: Proxy(), se:cdp: ws://localhost:51181/devtoo..., se:cdpVersion: 97.0.4692.99, setWindowRect: true, strictFileInteractability: false, timeouts: {implicit: 0, pageLoad: 300000, script: 30000}, unhandledPromptBehavior: dismiss and notify, webauthn:extension:credBlob: true, webauthn:extension:largeBlob: true, webauthn:virtualAuthenticators: true}&#10;Element: [[ChromeDriver: chrome on WINDOWS (42cc9c6fb5d84ba2ae0c3caf9a2ec843)] -&gt; xpath: //button[contains(text(),&apos;E-Rate&apos;)]]&#10;Session ID: 42cc9c6fb5d84ba2ae0c3caf9a2ec843" type="org.openqa.selenium.ElementClickInterceptedException"><![CDATA[org.openqa.selenium.ElementClickInterceptedException: 
element click intercepted: Element <button _ngcontent-ubs-c290="" mattreenodetoggle="" class="ng-tns-c290-1 mat-tree-node level-1 ng-star-inserted">...</button> is not clickable at point (140, 230). Other element would receive the click: <div _ngcontent-ubs-c107="" class="overlay ng-tns-c107-2 ng-trigger ng-trigger-fadeIn ng-star-inserted" style="background-color: rgba(255, 255, 255, 0.5); z-index: 99999; position: fixed; opacity: 1;">...</div>
  (Session info: chrome=97.0.4692.99)
Build info: version: '4.0.0', revision: '3a21814679'
System info: host: 'AUL-DEV-03', ip: '10.0.5.63', os.name: 'Windows 10', os.arch: 'amd64', os.version: '10.0', java.version: '1.8.0_261'
Driver info: org.openqa.selenium.chrome.ChromeDriver
Command: [42cc9c6fb5d84ba2ae0c3caf9a2ec843, clickElement {id=f50b35c4-e6fc-4084-abb1-830e44a91d37}]
Capabilities {acceptInsecureCerts: false, browserName: chrome, browserVersion: 97.0.4692.99, chrome: {chromedriverVersion: 96.0.4664.45 (76e4c1bb2ab46..., userDataDir: C:\Users\ANKIT~1.SRI\AppDat...}, goog:chromeOptions: {debuggerAddress: localhost:51181}, javascriptEnabled: true, networkConnectionEnabled: false, pageLoadStrategy: normal, platform: WINDOWS, platformName: WINDOWS, proxy: Proxy(), se:cdp: ws://localhost:51181/devtoo..., se:cdpVersion: 97.0.4692.99, setWindowRect: true, strictFileInteractability: false, timeouts: {implicit: 0, pageLoad: 300000, script: 30000}, unhandledPromptBehavior: dismiss and notify, webauthn:extension:credBlob: true, webauthn:extension:largeBlob: true, webauthn:virtualAuthenticators: true}
Element: [[ChromeDriver: chrome on WINDOWS (42cc9c6fb5d84ba2ae0c3caf9a2ec843)] -> xpath: //button[contains(text(),'E-Rate')]]
Session ID: 42cc9c6fb5d84ba2ae0c3caf9a2ec843
	at testsuite.erate_test.login(erate_test.java:31)
]]></failure>
  </testcase>
  <testcase name="quickcode" classname="testsuite.erate_test" time="0">
    <skipped/>
    <system-out><![CDATA[quickcode test case started
The name of the testcase Skipped is :quickcode
]]></system-out>
  </testcase>
  <testcase name="close" classname="testsuite.erate_test" time="0">
    <skipped/>
  </testcase>
  <testcase name="VerifyeClaimsPortalforRepairFacilitieslink_27228_27231_27261" classname="testsuite.baseTest" time="30.273">
    <failure message="no such element: Unable to locate element: {&quot;method&quot;:&quot;css selector&quot;,&quot;selector&quot;:&quot;[text=&quot;eClaims Portal for Repair Facilities&quot;]&quot;}&#10;  (Session info: chrome=97.0.4692.99)&#10;For documentation on this error, please visit: https://selenium.dev/exceptions/#no_such_element&#10;Build info: version: &apos;4.0.0&apos;, revision: &apos;3a21814679&apos;&#10;System info: host: &apos;AUL-DEV-03&apos;, ip: &apos;10.0.5.63&apos;, os.name: &apos;Windows 10&apos;, os.arch: &apos;amd64&apos;, os.version: &apos;10.0&apos;, java.version: &apos;1.8.0_261&apos;&#10;Driver info: org.openqa.selenium.chrome.ChromeDriver&#10;Command: [42cc9c6fb5d84ba2ae0c3caf9a2ec843, findElement {using=css selector, value=[text=&quot;eClaims Portal for Repair Facilities&quot;]}]&#10;Capabilities {acceptInsecureCerts: false, browserName: chrome, browserVersion: 97.0.4692.99, chrome: {chromedriverVersion: 96.0.4664.45 (76e4c1bb2ab46..., userDataDir: C:\Users\ANKIT~1.SRI\AppDat...}, goog:chromeOptions: {debuggerAddress: localhost:51181}, javascriptEnabled: true, networkConnectionEnabled: false, pageLoadStrategy: normal, platform: WINDOWS, platformName: WINDOWS, proxy: Proxy(), se:cdp: ws://localhost:51181/devtoo..., se:cdpVersion: 97.0.4692.99, setWindowRect: true, strictFileInteractability: false, timeouts: {implicit: 0, pageLoad: 300000, script: 30000}, unhandledPromptBehavior: dismiss and notify, webauthn:extension:credBlob: true, webauthn:extension:largeBlob: true, webauthn:virtualAuthenticators: true}&#10;Session ID: 42cc9c6fb5d84ba2ae0c3caf9a2ec843" type="org.openqa.selenium.NoSuchElementException"><![CDATA[org.openqa.selenium.NoSuchElementException: 
no such element: Unable to locate element: {"method":"css selector","selector":"[text="eClaims Portal for Repair Facilities"]"}
  (Session info: chrome=97.0.4692.99)
For documentation on this error, please visit: https://selenium.dev/exceptions/#no_such_element
Build info: version: '4.0.0', revision: '3a21814679'
System info: host: 'AUL-DEV-03', ip: '10.0.5.63', os.name: 'Windows 10', os.arch: 'amd64', os.version: '10.0', java.version: '1.8.0_261'
Driver info: org.openqa.selenium.chrome.ChromeDriver
Command: [42cc9c6fb5d84ba2ae0c3caf9a2ec843, findElement {using=css selector, value=[text="eClaims Portal for Repair Facilities"]}]
Capabilities {acceptInsecureCerts: false, browserName: chrome, browserVersion: 97.0.4692.99, chrome: {chromedriverVersion: 96.0.4664.45 (76e4c1bb2ab46..., userDataDir: C:\Users\ANKIT~1.SRI\AppDat...}, goog:chromeOptions: {debuggerAddress: localhost:51181}, javascriptEnabled: true, networkConnectionEnabled: false, pageLoadStrategy: normal, platform: WINDOWS, platformName: WINDOWS, proxy: Proxy(), se:cdp: ws://localhost:51181/devtoo..., se:cdpVersion: 97.0.4692.99, setWindowRect: true, strictFileInteractability: false, timeouts: {implicit: 0, pageLoad: 300000, script: 30000}, unhandledPromptBehavior: dismiss and notify, webauthn:extension:credBlob: true, webauthn:extension:largeBlob: true, webauthn:virtualAuthenticators: true}
Session ID: 42cc9c6fb5d84ba2ae0c3caf9a2ec843
	at testsuite.baseTest.VerifyeClaimsPortalforRepairFacilitieslink_27228_27231_27261(baseTest.java:48)
]]></failure>
    <system-out><![CDATA[VerifyeClaimsPortalforRepairFacilitieslink_27228_27231_27261 test case started
The name of the testcase failed is :VerifyeClaimsPortalforRepairFacilitieslink_27228_27231_27261
]]></system-out>
  </testcase>
  <testcase name="VerifyRememberMyPasswordLocation_27214" classname="testsuite.baseTest" time="30.258">
    <failure message="no such element: Unable to locate element: {&quot;method&quot;:&quot;css selector&quot;,&quot;selector&quot;:&quot;span[class=&quot;mat-checkbox-label&quot;] &gt; span&quot;}&#10;  (Session info: chrome=97.0.4692.99)&#10;For documentation on this error, please visit: https://selenium.dev/exceptions/#no_such_element&#10;Build info: version: &apos;4.0.0&apos;, revision: &apos;3a21814679&apos;&#10;System info: host: &apos;AUL-DEV-03&apos;, ip: &apos;10.0.5.63&apos;, os.name: &apos;Windows 10&apos;, os.arch: &apos;amd64&apos;, os.version: &apos;10.0&apos;, java.version: &apos;1.8.0_261&apos;&#10;Driver info: org.openqa.selenium.chrome.ChromeDriver&#10;Command: [42cc9c6fb5d84ba2ae0c3caf9a2ec843, findElement {using=css selector, value=span[class=&quot;mat-checkbox-label&quot;] &gt; span}]&#10;Capabilities {acceptInsecureCerts: false, browserName: chrome, browserVersion: 97.0.4692.99, chrome: {chromedriverVersion: 96.0.4664.45 (76e4c1bb2ab46..., userDataDir: C:\Users\ANKIT~1.SRI\AppDat...}, goog:chromeOptions: {debuggerAddress: localhost:51181}, javascriptEnabled: true, networkConnectionEnabled: false, pageLoadStrategy: normal, platform: WINDOWS, platformName: WINDOWS, proxy: Proxy(), se:cdp: ws://localhost:51181/devtoo..., se:cdpVersion: 97.0.4692.99, setWindowRect: true, strictFileInteractability: false, timeouts: {implicit: 0, pageLoad: 300000, script: 30000}, unhandledPromptBehavior: dismiss and notify, webauthn:extension:credBlob: true, webauthn:extension:largeBlob: true, webauthn:virtualAuthenticators: true}&#10;Session ID: 42cc9c6fb5d84ba2ae0c3caf9a2ec843" type="org.openqa.selenium.NoSuchElementException"><![CDATA[org.openqa.selenium.NoSuchElementException: 
no such element: Unable to locate element: {"method":"css selector","selector":"span[class="mat-checkbox-label"] > span"}
  (Session info: chrome=97.0.4692.99)
For documentation on this error, please visit: https://selenium.dev/exceptions/#no_such_element
Build info: version: '4.0.0', revision: '3a21814679'
System info: host: 'AUL-DEV-03', ip: '10.0.5.63', os.name: 'Windows 10', os.arch: 'amd64', os.version: '10.0', java.version: '1.8.0_261'
Driver info: org.openqa.selenium.chrome.ChromeDriver
Command: [42cc9c6fb5d84ba2ae0c3caf9a2ec843, findElement {using=css selector, value=span[class="mat-checkbox-label"] > span}]
Capabilities {acceptInsecureCerts: false, browserName: chrome, browserVersion: 97.0.4692.99, chrome: {chromedriverVersion: 96.0.4664.45 (76e4c1bb2ab46..., userDataDir: C:\Users\ANKIT~1.SRI\AppDat...}, goog:chromeOptions: {debuggerAddress: localhost:51181}, javascriptEnabled: true, networkConnectionEnabled: false, pageLoadStrategy: normal, platform: WINDOWS, platformName: WINDOWS, proxy: Proxy(), se:cdp: ws://localhost:51181/devtoo..., se:cdpVersion: 97.0.4692.99, setWindowRect: true, strictFileInteractability: false, timeouts: {implicit: 0, pageLoad: 300000, script: 30000}, unhandledPromptBehavior: dismiss and notify, webauthn:extension:credBlob: true, webauthn:extension:largeBlob: true, webauthn:virtualAuthenticators: true}
Session ID: 42cc9c6fb5d84ba2ae0c3caf9a2ec843
	at testsuite.baseTest.VerifyRememberMyPasswordLocation_27214(baseTest.java:55)
]]></failure>
    <system-out><![CDATA[VerifyRememberMyPasswordLocation_27214 test case started
The name of the testcase failed is :VerifyRememberMyPasswordLocation_27214
]]></system-out>
  </testcase>
  <testcase name="VerifyLocationPrivacyPolicyLink_27224_27239_27254" classname="testsuite.baseTest" time="0.6">
    <system-out><![CDATA[VerifyLocationPrivacyPolicyLink_27224_27239_27254 test case started
The name of the testcase passed is :VerifyLocationPrivacyPolicyLink_27224_27239_27254
]]></system-out>
  </testcase>
  <testcase name="VerifyWelcomeTextOnTheADLUILoginPage_27248_27244_27110" classname="testsuite.baseTest" time="0.567">
    <system-out><![CDATA[VerifyWelcomeTextOnTheADLUILoginPage_27248_27244_27110 test case started
The name of the testcase passed is :VerifyWelcomeTextOnTheADLUILoginPage_27248_27244_27110
]]></system-out>
  </testcase>
  <testcase name="VerifyGAPPortallinkfunctionality_27233_27259_27229" classname="testsuite.baseTest" time="0.584">
    <system-out><![CDATA[VerifyGAPPortallinkfunctionality_27233_27259_27229 test case started
The name of the testcase passed is :VerifyGAPPortallinkfunctionality_27233_27259_27229
]]></system-out>
  </testcase>
  <testcase name="VerifyForgotPassword_Loginastext_27238_27254_27220_27255_27237_27166" classname="testsuite.baseTest" time="2.223">
    <failure message="no such element: Unable to locate element: {&quot;method&quot;:&quot;css selector&quot;,&quot;selector&quot;:&quot;div[class =&apos;forgot-password&apos;]&quot;}&#10;  (Session info: chrome=97.0.4692.99)&#10;For documentation on this error, please visit: https://selenium.dev/exceptions/#no_such_element&#10;Build info: version: &apos;4.0.0&apos;, revision: &apos;3a21814679&apos;&#10;System info: host: &apos;AUL-DEV-03&apos;, ip: &apos;10.0.5.63&apos;, os.name: &apos;Windows 10&apos;, os.arch: &apos;amd64&apos;, os.version: &apos;10.0&apos;, java.version: &apos;1.8.0_261&apos;&#10;Driver info: org.openqa.selenium.chrome.ChromeDriver&#10;Command: [42cc9c6fb5d84ba2ae0c3caf9a2ec843, findElement {using=css selector, value=div[class =&apos;forgot-password&apos;]}]&#10;Capabilities {acceptInsecureCerts: false, browserName: chrome, browserVersion: 97.0.4692.99, chrome: {chromedriverVersion: 96.0.4664.45 (76e4c1bb2ab46..., userDataDir: C:\Users\ANKIT~1.SRI\AppDat...}, goog:chromeOptions: {debuggerAddress: localhost:51181}, javascriptEnabled: true, networkConnectionEnabled: false, pageLoadStrategy: normal, platform: WINDOWS, platformName: WINDOWS, proxy: Proxy(), se:cdp: ws://localhost:51181/devtoo..., se:cdpVersion: 97.0.4692.99, setWindowRect: true, strictFileInteractability: false, timeouts: {implicit: 0, pageLoad: 300000, script: 30000}, unhandledPromptBehavior: dismiss and notify, webauthn:extension:credBlob: true, webauthn:extension:largeBlob: true, webauthn:virtualAuthenticators: true}&#10;Session ID: 42cc9c6fb5d84ba2ae0c3caf9a2ec843" type="org.openqa.selenium.NoSuchElementException"><![CDATA[org.openqa.selenium.NoSuchElementException: 
no such element: Unable to locate element: {"method":"css selector","selector":"div[class ='forgot-password']"}
  (Session info: chrome=97.0.4692.99)
For documentation on this error, please visit: https://selenium.dev/exceptions/#no_such_element
Build info: version: '4.0.0', revision: '3a21814679'
System info: host: 'AUL-DEV-03', ip: '10.0.5.63', os.name: 'Windows 10', os.arch: 'amd64', os.version: '10.0', java.version: '1.8.0_261'
Driver info: org.openqa.selenium.chrome.ChromeDriver
Command: [42cc9c6fb5d84ba2ae0c3caf9a2ec843, findElement {using=css selector, value=div[class ='forgot-password']}]
Capabilities {acceptInsecureCerts: false, browserName: chrome, browserVersion: 97.0.4692.99, chrome: {chromedriverVersion: 96.0.4664.45 (76e4c1bb2ab46..., userDataDir: C:\Users\ANKIT~1.SRI\AppDat...}, goog:chromeOptions: {debuggerAddress: localhost:51181}, javascriptEnabled: true, networkConnectionEnabled: false, pageLoadStrategy: normal, platform: WINDOWS, platformName: WINDOWS, proxy: Proxy(), se:cdp: ws://localhost:51181/devtoo..., se:cdpVersion: 97.0.4692.99, setWindowRect: true, strictFileInteractability: false, timeouts: {implicit: 0, pageLoad: 300000, script: 30000}, unhandledPromptBehavior: dismiss and notify, webauthn:extension:credBlob: true, webauthn:extension:largeBlob: true, webauthn:virtualAuthenticators: true}
Session ID: 42cc9c6fb5d84ba2ae0c3caf9a2ec843
	at testsuite.baseTest.VerifyForgotPassword_Loginastext_27238_27254_27220_27255_27237_27166(baseTest.java:84)
]]></failure>
    <system-out><![CDATA[VerifyForgotPassword_Loginastext_27238_27254_27220_27255_27237_27166 test case started
The name of the testcase failed is :VerifyForgotPassword_Loginastext_27238_27254_27220_27255_27237_27166
]]></system-out>
  </testcase>
  <testcase name="Verify_image_on_the_right_side_of_the_login_page_27225" classname="testsuite.baseTest" time="2.235">
    <failure message="no such element: Unable to locate element: {&quot;method&quot;:&quot;css selector&quot;,&quot;selector&quot;:&quot;div[class=&quot;public-main__bg&quot;]&quot;}&#10;  (Session info: chrome=97.0.4692.99)&#10;For documentation on this error, please visit: https://selenium.dev/exceptions/#no_such_element&#10;Build info: version: &apos;4.0.0&apos;, revision: &apos;3a21814679&apos;&#10;System info: host: &apos;AUL-DEV-03&apos;, ip: &apos;10.0.5.63&apos;, os.name: &apos;Windows 10&apos;, os.arch: &apos;amd64&apos;, os.version: &apos;10.0&apos;, java.version: &apos;1.8.0_261&apos;&#10;Driver info: org.openqa.selenium.chrome.ChromeDriver&#10;Command: [42cc9c6fb5d84ba2ae0c3caf9a2ec843, findElement {using=css selector, value=div[class=&quot;public-main__bg&quot;]}]&#10;Capabilities {acceptInsecureCerts: false, browserName: chrome, browserVersion: 97.0.4692.99, chrome: {chromedriverVersion: 96.0.4664.45 (76e4c1bb2ab46..., userDataDir: C:\Users\ANKIT~1.SRI\AppDat...}, goog:chromeOptions: {debuggerAddress: localhost:51181}, javascriptEnabled: true, networkConnectionEnabled: false, pageLoadStrategy: normal, platform: WINDOWS, platformName: WINDOWS, proxy: Proxy(), se:cdp: ws://localhost:51181/devtoo..., se:cdpVersion: 97.0.4692.99, setWindowRect: true, strictFileInteractability: false, timeouts: {implicit: 0, pageLoad: 300000, script: 30000}, unhandledPromptBehavior: dismiss and notify, webauthn:extension:credBlob: true, webauthn:extension:largeBlob: true, webauthn:virtualAuthenticators: true}&#10;Session ID: 42cc9c6fb5d84ba2ae0c3caf9a2ec843" type="org.openqa.selenium.NoSuchElementException"><![CDATA[org.openqa.selenium.NoSuchElementException: 
no such element: Unable to locate element: {"method":"css selector","selector":"div[class="public-main__bg"]"}
  (Session info: chrome=97.0.4692.99)
For documentation on this error, please visit: https://selenium.dev/exceptions/#no_such_element
Build info: version: '4.0.0', revision: '3a21814679'
System info: host: 'AUL-DEV-03', ip: '10.0.5.63', os.name: 'Windows 10', os.arch: 'amd64', os.version: '10.0', java.version: '1.8.0_261'
Driver info: org.openqa.selenium.chrome.ChromeDriver
Command: [42cc9c6fb5d84ba2ae0c3caf9a2ec843, findElement {using=css selector, value=div[class="public-main__bg"]}]
Capabilities {acceptInsecureCerts: false, browserName: chrome, browserVersion: 97.0.4692.99, chrome: {chromedriverVersion: 96.0.4664.45 (76e4c1bb2ab46..., userDataDir: C:\Users\ANKIT~1.SRI\AppDat...}, goog:chromeOptions: {debuggerAddress: localhost:51181}, javascriptEnabled: true, networkConnectionEnabled: false, pageLoadStrategy: normal, platform: WINDOWS, platformName: WINDOWS, proxy: Proxy(), se:cdp: ws://localhost:51181/devtoo..., se:cdpVersion: 97.0.4692.99, setWindowRect: true, strictFileInteractability: false, timeouts: {implicit: 0, pageLoad: 300000, script: 30000}, unhandledPromptBehavior: dismiss and notify, webauthn:extension:credBlob: true, webauthn:extension:largeBlob: true, webauthn:virtualAuthenticators: true}
Session ID: 42cc9c6fb5d84ba2ae0c3caf9a2ec843
	at testsuite.baseTest.Verify_image_on_the_right_side_of_the_login_page_27225(baseTest.java:91)
]]></failure>
    <system-out><![CDATA[Verify_image_on_the_right_side_of_the_login_page_27225 test case started
The name of the testcase failed is :Verify_image_on_the_right_side_of_the_login_page_27225
]]></system-out>
  </testcase>
  <testcase name="verify_aul_logo_7078" classname="testsuite.baseTest" time="2.219">
    <failure message="no such element: Unable to locate element: {&quot;method&quot;:&quot;css selector&quot;,&quot;selector&quot;:&quot;a &gt;img&quot;}&#10;  (Session info: chrome=97.0.4692.99)&#10;For documentation on this error, please visit: https://selenium.dev/exceptions/#no_such_element&#10;Build info: version: &apos;4.0.0&apos;, revision: &apos;3a21814679&apos;&#10;System info: host: &apos;AUL-DEV-03&apos;, ip: &apos;10.0.5.63&apos;, os.name: &apos;Windows 10&apos;, os.arch: &apos;amd64&apos;, os.version: &apos;10.0&apos;, java.version: &apos;1.8.0_261&apos;&#10;Driver info: org.openqa.selenium.chrome.ChromeDriver&#10;Command: [42cc9c6fb5d84ba2ae0c3caf9a2ec843, findElement {using=css selector, value=a &gt;img}]&#10;Capabilities {acceptInsecureCerts: false, browserName: chrome, browserVersion: 97.0.4692.99, chrome: {chromedriverVersion: 96.0.4664.45 (76e4c1bb2ab46..., userDataDir: C:\Users\ANKIT~1.SRI\AppDat...}, goog:chromeOptions: {debuggerAddress: localhost:51181}, javascriptEnabled: true, networkConnectionEnabled: false, pageLoadStrategy: normal, platform: WINDOWS, platformName: WINDOWS, proxy: Proxy(), se:cdp: ws://localhost:51181/devtoo..., se:cdpVersion: 97.0.4692.99, setWindowRect: true, strictFileInteractability: false, timeouts: {implicit: 0, pageLoad: 300000, script: 30000}, unhandledPromptBehavior: dismiss and notify, webauthn:extension:credBlob: true, webauthn:extension:largeBlob: true, webauthn:virtualAuthenticators: true}&#10;Session ID: 42cc9c6fb5d84ba2ae0c3caf9a2ec843" type="org.openqa.selenium.NoSuchElementException"><![CDATA[org.openqa.selenium.NoSuchElementException: 
no such element: Unable to locate element: {"method":"css selector","selector":"a >img"}
  (Session info: chrome=97.0.4692.99)
For documentation on this error, please visit: https://selenium.dev/exceptions/#no_such_element
Build info: version: '4.0.0', revision: '3a21814679'
System info: host: 'AUL-DEV-03', ip: '10.0.5.63', os.name: 'Windows 10', os.arch: 'amd64', os.version: '10.0', java.version: '1.8.0_261'
Driver info: org.openqa.selenium.chrome.ChromeDriver
Command: [42cc9c6fb5d84ba2ae0c3caf9a2ec843, findElement {using=css selector, value=a >img}]
Capabilities {acceptInsecureCerts: false, browserName: chrome, browserVersion: 97.0.4692.99, chrome: {chromedriverVersion: 96.0.4664.45 (76e4c1bb2ab46..., userDataDir: C:\Users\ANKIT~1.SRI\AppDat...}, goog:chromeOptions: {debuggerAddress: localhost:51181}, javascriptEnabled: true, networkConnectionEnabled: false, pageLoadStrategy: normal, platform: WINDOWS, platformName: WINDOWS, proxy: Proxy(), se:cdp: ws://localhost:51181/devtoo..., se:cdpVersion: 97.0.4692.99, setWindowRect: true, strictFileInteractability: false, timeouts: {implicit: 0, pageLoad: 300000, script: 30000}, unhandledPromptBehavior: dismiss and notify, webauthn:extension:credBlob: true, webauthn:extension:largeBlob: true, webauthn:virtualAuthenticators: true}
Session ID: 42cc9c6fb5d84ba2ae0c3caf9a2ec843
	at testsuite.baseTest.verify_aul_logo_7078(baseTest.java:97)
]]></failure>
    <system-out><![CDATA[verify_aul_logo_7078 test case started
The name of the testcase failed is :verify_aul_logo_7078
]]></system-out>
  </testcase>
  <testcase name="verify_aul_logo_resetpassword_7080" classname="testsuite.baseTest" time="2.219">
    <failure message="no such element: Unable to locate element: {&quot;method&quot;:&quot;css selector&quot;,&quot;selector&quot;:&quot;div[class =&apos;forgot-password&apos;]&quot;}&#10;  (Session info: chrome=97.0.4692.99)&#10;For documentation on this error, please visit: https://selenium.dev/exceptions/#no_such_element&#10;Build info: version: &apos;4.0.0&apos;, revision: &apos;3a21814679&apos;&#10;System info: host: &apos;AUL-DEV-03&apos;, ip: &apos;10.0.5.63&apos;, os.name: &apos;Windows 10&apos;, os.arch: &apos;amd64&apos;, os.version: &apos;10.0&apos;, java.version: &apos;1.8.0_261&apos;&#10;Driver info: org.openqa.selenium.chrome.ChromeDriver&#10;Command: [42cc9c6fb5d84ba2ae0c3caf9a2ec843, findElement {using=css selector, value=div[class =&apos;forgot-password&apos;]}]&#10;Capabilities {acceptInsecureCerts: false, browserName: chrome, browserVersion: 97.0.4692.99, chrome: {chromedriverVersion: 96.0.4664.45 (76e4c1bb2ab46..., userDataDir: C:\Users\ANKIT~1.SRI\AppDat...}, goog:chromeOptions: {debuggerAddress: localhost:51181}, javascriptEnabled: true, networkConnectionEnabled: false, pageLoadStrategy: normal, platform: WINDOWS, platformName: WINDOWS, proxy: Proxy(), se:cdp: ws://localhost:51181/devtoo..., se:cdpVersion: 97.0.4692.99, setWindowRect: true, strictFileInteractability: false, timeouts: {implicit: 0, pageLoad: 300000, script: 30000}, unhandledPromptBehavior: dismiss and notify, webauthn:extension:credBlob: true, webauthn:extension:largeBlob: true, webauthn:virtualAuthenticators: true}&#10;Session ID: 42cc9c6fb5d84ba2ae0c3caf9a2ec843" type="org.openqa.selenium.NoSuchElementException"><![CDATA[org.openqa.selenium.NoSuchElementException: 
no such element: Unable to locate element: {"method":"css selector","selector":"div[class ='forgot-password']"}
  (Session info: chrome=97.0.4692.99)
For documentation on this error, please visit: https://selenium.dev/exceptions/#no_such_element
Build info: version: '4.0.0', revision: '3a21814679'
System info: host: 'AUL-DEV-03', ip: '10.0.5.63', os.name: 'Windows 10', os.arch: 'amd64', os.version: '10.0', java.version: '1.8.0_261'
Driver info: org.openqa.selenium.chrome.ChromeDriver
Command: [42cc9c6fb5d84ba2ae0c3caf9a2ec843, findElement {using=css selector, value=div[class ='forgot-password']}]
Capabilities {acceptInsecureCerts: false, browserName: chrome, browserVersion: 97.0.4692.99, chrome: {chromedriverVersion: 96.0.4664.45 (76e4c1bb2ab46..., userDataDir: C:\Users\ANKIT~1.SRI\AppDat...}, goog:chromeOptions: {debuggerAddress: localhost:51181}, javascriptEnabled: true, networkConnectionEnabled: false, pageLoadStrategy: normal, platform: WINDOWS, platformName: WINDOWS, proxy: Proxy(), se:cdp: ws://localhost:51181/devtoo..., se:cdpVersion: 97.0.4692.99, setWindowRect: true, strictFileInteractability: false, timeouts: {implicit: 0, pageLoad: 300000, script: 30000}, unhandledPromptBehavior: dismiss and notify, webauthn:extension:credBlob: true, webauthn:extension:largeBlob: true, webauthn:virtualAuthenticators: true}
Session ID: 42cc9c6fb5d84ba2ae0c3caf9a2ec843
	at testsuite.baseTest.verify_aul_logo_resetpassword_7080(baseTest.java:105)
]]></failure>
    <system-out><![CDATA[verify_aul_logo_resetpassword_7080 test case started
The name of the testcase failed is :verify_aul_logo_resetpassword_7080
]]></system-out>
  </testcase>
  <testcase name="welcomePage" classname="testsuite.login1_test" time="1.163">
    <system-out><![CDATA[welcomePage test case started
The name of the testcase passed is :welcomePage
]]></system-out>
  </testcase>
  <testcase name="loggedIn[Dealer7032823, 4558600](1)" classname="testsuite.login1_test" time="30.241">
    <failure message="no such element: Unable to locate element: {&quot;method&quot;:&quot;css selector&quot;,&quot;selector&quot;:&quot;input[placeholder=&quot;Enter your username&quot;]&quot;}&#10;  (Session info: chrome=97.0.4692.99)&#10;For documentation on this error, please visit: https://selenium.dev/exceptions/#no_such_element&#10;Build info: version: &apos;4.0.0&apos;, revision: &apos;3a21814679&apos;&#10;System info: host: &apos;AUL-DEV-03&apos;, ip: &apos;10.0.5.63&apos;, os.name: &apos;Windows 10&apos;, os.arch: &apos;amd64&apos;, os.version: &apos;10.0&apos;, java.version: &apos;1.8.0_261&apos;&#10;Driver info: org.openqa.selenium.chrome.ChromeDriver&#10;Command: [42cc9c6fb5d84ba2ae0c3caf9a2ec843, findElement {using=css selector, value=input[placeholder=&quot;Enter your username&quot;]}]&#10;Capabilities {acceptInsecureCerts: false, browserName: chrome, browserVersion: 97.0.4692.99, chrome: {chromedriverVersion: 96.0.4664.45 (76e4c1bb2ab46..., userDataDir: C:\Users\ANKIT~1.SRI\AppDat...}, goog:chromeOptions: {debuggerAddress: localhost:51181}, javascriptEnabled: true, networkConnectionEnabled: false, pageLoadStrategy: normal, platform: WINDOWS, platformName: WINDOWS, proxy: Proxy(), se:cdp: ws://localhost:51181/devtoo..., se:cdpVersion: 97.0.4692.99, setWindowRect: true, strictFileInteractability: false, timeouts: {implicit: 0, pageLoad: 300000, script: 30000}, unhandledPromptBehavior: dismiss and notify, webauthn:extension:credBlob: true, webauthn:extension:largeBlob: true, webauthn:virtualAuthenticators: true}&#10;Session ID: 42cc9c6fb5d84ba2ae0c3caf9a2ec843" type="org.openqa.selenium.NoSuchElementException"><![CDATA[org.openqa.selenium.NoSuchElementException: 
no such element: Unable to locate element: {"method":"css selector","selector":"input[placeholder="Enter your username"]"}
  (Session info: chrome=97.0.4692.99)
For documentation on this error, please visit: https://selenium.dev/exceptions/#no_such_element
Build info: version: '4.0.0', revision: '3a21814679'
System info: host: 'AUL-DEV-03', ip: '10.0.5.63', os.name: 'Windows 10', os.arch: 'amd64', os.version: '10.0', java.version: '1.8.0_261'
Driver info: org.openqa.selenium.chrome.ChromeDriver
Command: [42cc9c6fb5d84ba2ae0c3caf9a2ec843, findElement {using=css selector, value=input[placeholder="Enter your username"]}]
Capabilities {acceptInsecureCerts: false, browserName: chrome, browserVersion: 97.0.4692.99, chrome: {chromedriverVersion: 96.0.4664.45 (76e4c1bb2ab46..., userDataDir: C:\Users\ANKIT~1.SRI\AppDat...}, goog:chromeOptions: {debuggerAddress: localhost:51181}, javascriptEnabled: true, networkConnectionEnabled: false, pageLoadStrategy: normal, platform: WINDOWS, platformName: WINDOWS, proxy: Proxy(), se:cdp: ws://localhost:51181/devtoo..., se:cdpVersion: 97.0.4692.99, setWindowRect: true, strictFileInteractability: false, timeouts: {implicit: 0, pageLoad: 300000, script: 30000}, unhandledPromptBehavior: dismiss and notify, webauthn:extension:credBlob: true, webauthn:extension:largeBlob: true, webauthn:virtualAuthenticators: true}
Session ID: 42cc9c6fb5d84ba2ae0c3caf9a2ec843
	at testsuite.login1_test.loggedIn(login1_test.java:41)
]]></failure>
    <system-out><![CDATA[loggedIn test case started
The name of the testcase failed is :loggedIn
]]></system-out>
  </testcase>
  <testcase name="loggedIn[Agent110, Since1996](2)" classname="testsuite.login1_test" time="30.25">
    <failure message="no such element: Unable to locate element: {&quot;method&quot;:&quot;css selector&quot;,&quot;selector&quot;:&quot;input[placeholder=&quot;Enter your username&quot;]&quot;}&#10;  (Session info: chrome=97.0.4692.99)&#10;For documentation on this error, please visit: https://selenium.dev/exceptions/#no_such_element&#10;Build info: version: &apos;4.0.0&apos;, revision: &apos;3a21814679&apos;&#10;System info: host: &apos;AUL-DEV-03&apos;, ip: &apos;10.0.5.63&apos;, os.name: &apos;Windows 10&apos;, os.arch: &apos;amd64&apos;, os.version: &apos;10.0&apos;, java.version: &apos;1.8.0_261&apos;&#10;Driver info: org.openqa.selenium.chrome.ChromeDriver&#10;Command: [42cc9c6fb5d84ba2ae0c3caf9a2ec843, findElement {using=css selector, value=input[placeholder=&quot;Enter your username&quot;]}]&#10;Capabilities {acceptInsecureCerts: false, browserName: chrome, browserVersion: 97.0.4692.99, chrome: {chromedriverVersion: 96.0.4664.45 (76e4c1bb2ab46..., userDataDir: C:\Users\ANKIT~1.SRI\AppDat...}, goog:chromeOptions: {debuggerAddress: localhost:51181}, javascriptEnabled: true, networkConnectionEnabled: false, pageLoadStrategy: normal, platform: WINDOWS, platformName: WINDOWS, proxy: Proxy(), se:cdp: ws://localhost:51181/devtoo..., se:cdpVersion: 97.0.4692.99, setWindowRect: true, strictFileInteractability: false, timeouts: {implicit: 0, pageLoad: 300000, script: 30000}, unhandledPromptBehavior: dismiss and notify, webauthn:extension:credBlob: true, webauthn:extension:largeBlob: true, webauthn:virtualAuthenticators: true}&#10;Session ID: 42cc9c6fb5d84ba2ae0c3caf9a2ec843" type="org.openqa.selenium.NoSuchElementException"><![CDATA[org.openqa.selenium.NoSuchElementException: 
no such element: Unable to locate element: {"method":"css selector","selector":"input[placeholder="Enter your username"]"}
  (Session info: chrome=97.0.4692.99)
For documentation on this error, please visit: https://selenium.dev/exceptions/#no_such_element
Build info: version: '4.0.0', revision: '3a21814679'
System info: host: 'AUL-DEV-03', ip: '10.0.5.63', os.name: 'Windows 10', os.arch: 'amd64', os.version: '10.0', java.version: '1.8.0_261'
Driver info: org.openqa.selenium.chrome.ChromeDriver
Command: [42cc9c6fb5d84ba2ae0c3caf9a2ec843, findElement {using=css selector, value=input[placeholder="Enter your username"]}]
Capabilities {acceptInsecureCerts: false, browserName: chrome, browserVersion: 97.0.4692.99, chrome: {chromedriverVersion: 96.0.4664.45 (76e4c1bb2ab46..., userDataDir: C:\Users\ANKIT~1.SRI\AppDat...}, goog:chromeOptions: {debuggerAddress: localhost:51181}, javascriptEnabled: true, networkConnectionEnabled: false, pageLoadStrategy: normal, platform: WINDOWS, platformName: WINDOWS, proxy: Proxy(), se:cdp: ws://localhost:51181/devtoo..., se:cdpVersion: 97.0.4692.99, setWindowRect: true, strictFileInteractability: false, timeouts: {implicit: 0, pageLoad: 300000, script: 30000}, unhandledPromptBehavior: dismiss and notify, webauthn:extension:credBlob: true, webauthn:extension:largeBlob: true, webauthn:virtualAuthenticators: true}
Session ID: 42cc9c6fb5d84ba2ae0c3caf9a2ec843
	at testsuite.login1_test.loggedIn(login1_test.java:41)
]]></failure>
    <system-out><![CDATA[loggedIn test case started
The name of the testcase failed is :loggedIn
]]></system-out>
  </testcase>
  <testcase name="loggedIn[coforgeadmin, TAdmin54!](3)" classname="testsuite.login1_test" time="30.25">
    <failure message="no such element: Unable to locate element: {&quot;method&quot;:&quot;css selector&quot;,&quot;selector&quot;:&quot;input[placeholder=&quot;Enter your username&quot;]&quot;}&#10;  (Session info: chrome=97.0.4692.99)&#10;For documentation on this error, please visit: https://selenium.dev/exceptions/#no_such_element&#10;Build info: version: &apos;4.0.0&apos;, revision: &apos;3a21814679&apos;&#10;System info: host: &apos;AUL-DEV-03&apos;, ip: &apos;10.0.5.63&apos;, os.name: &apos;Windows 10&apos;, os.arch: &apos;amd64&apos;, os.version: &apos;10.0&apos;, java.version: &apos;1.8.0_261&apos;&#10;Driver info: org.openqa.selenium.chrome.ChromeDriver&#10;Command: [42cc9c6fb5d84ba2ae0c3caf9a2ec843, findElement {using=css selector, value=input[placeholder=&quot;Enter your username&quot;]}]&#10;Capabilities {acceptInsecureCerts: false, browserName: chrome, browserVersion: 97.0.4692.99, chrome: {chromedriverVersion: 96.0.4664.45 (76e4c1bb2ab46..., userDataDir: C:\Users\ANKIT~1.SRI\AppDat...}, goog:chromeOptions: {debuggerAddress: localhost:51181}, javascriptEnabled: true, networkConnectionEnabled: false, pageLoadStrategy: normal, platform: WINDOWS, platformName: WINDOWS, proxy: Proxy(), se:cdp: ws://localhost:51181/devtoo..., se:cdpVersion: 97.0.4692.99, setWindowRect: true, strictFileInteractability: false, timeouts: {implicit: 0, pageLoad: 300000, script: 30000}, unhandledPromptBehavior: dismiss and notify, webauthn:extension:credBlob: true, webauthn:extension:largeBlob: true, webauthn:virtualAuthenticators: true}&#10;Session ID: 42cc9c6fb5d84ba2ae0c3caf9a2ec843" type="org.openqa.selenium.NoSuchElementException"><![CDATA[org.openqa.selenium.NoSuchElementException: 
no such element: Unable to locate element: {"method":"css selector","selector":"input[placeholder="Enter your username"]"}
  (Session info: chrome=97.0.4692.99)
For documentation on this error, please visit: https://selenium.dev/exceptions/#no_such_element
Build info: version: '4.0.0', revision: '3a21814679'
System info: host: 'AUL-DEV-03', ip: '10.0.5.63', os.name: 'Windows 10', os.arch: 'amd64', os.version: '10.0', java.version: '1.8.0_261'
Driver info: org.openqa.selenium.chrome.ChromeDriver
Command: [42cc9c6fb5d84ba2ae0c3caf9a2ec843, findElement {using=css selector, value=input[placeholder="Enter your username"]}]
Capabilities {acceptInsecureCerts: false, browserName: chrome, browserVersion: 97.0.4692.99, chrome: {chromedriverVersion: 96.0.4664.45 (76e4c1bb2ab46..., userDataDir: C:\Users\ANKIT~1.SRI\AppDat...}, goog:chromeOptions: {debuggerAddress: localhost:51181}, javascriptEnabled: true, networkConnectionEnabled: false, pageLoadStrategy: normal, platform: WINDOWS, platformName: WINDOWS, proxy: Proxy(), se:cdp: ws://localhost:51181/devtoo..., se:cdpVersion: 97.0.4692.99, setWindowRect: true, strictFileInteractability: false, timeouts: {implicit: 0, pageLoad: 300000, script: 30000}, unhandledPromptBehavior: dismiss and notify, webauthn:extension:credBlob: true, webauthn:extension:largeBlob: true, webauthn:virtualAuthenticators: true}
Session ID: 42cc9c6fb5d84ba2ae0c3caf9a2ec843
	at testsuite.login1_test.loggedIn(login1_test.java:41)
]]></failure>
    <system-out><![CDATA[loggedIn test case started
The name of the testcase failed is :loggedIn
]]></system-out>
  </testcase>
  <testcase name="screenTitle[E-Rate, Rate/Contract](1)" classname="testsuite.screenTitle_test" time="30.455">
    <failure message="no such element: Unable to locate element: {&quot;method&quot;:&quot;css selector&quot;,&quot;selector&quot;:&quot;input[placeholder=&quot;Enter your username&quot;]&quot;}&#10;  (Session info: chrome=97.0.4692.99)&#10;For documentation on this error, please visit: https://selenium.dev/exceptions/#no_such_element&#10;Build info: version: &apos;4.0.0&apos;, revision: &apos;3a21814679&apos;&#10;System info: host: &apos;AUL-DEV-03&apos;, ip: &apos;10.0.5.63&apos;, os.name: &apos;Windows 10&apos;, os.arch: &apos;amd64&apos;, os.version: &apos;10.0&apos;, java.version: &apos;1.8.0_261&apos;&#10;Driver info: org.openqa.selenium.chrome.ChromeDriver&#10;Command: [42cc9c6fb5d84ba2ae0c3caf9a2ec843, findElement {using=css selector, value=input[placeholder=&quot;Enter your username&quot;]}]&#10;Capabilities {acceptInsecureCerts: false, browserName: chrome, browserVersion: 97.0.4692.99, chrome: {chromedriverVersion: 96.0.4664.45 (76e4c1bb2ab46..., userDataDir: C:\Users\ANKIT~1.SRI\AppDat...}, goog:chromeOptions: {debuggerAddress: localhost:51181}, javascriptEnabled: true, networkConnectionEnabled: false, pageLoadStrategy: normal, platform: WINDOWS, platformName: WINDOWS, proxy: Proxy(), se:cdp: ws://localhost:51181/devtoo..., se:cdpVersion: 97.0.4692.99, setWindowRect: true, strictFileInteractability: false, timeouts: {implicit: 0, pageLoad: 300000, script: 30000}, unhandledPromptBehavior: dismiss and notify, webauthn:extension:credBlob: true, webauthn:extension:largeBlob: true, webauthn:virtualAuthenticators: true}&#10;Session ID: 42cc9c6fb5d84ba2ae0c3caf9a2ec843" type="org.openqa.selenium.NoSuchElementException"><![CDATA[org.openqa.selenium.NoSuchElementException: 
no such element: Unable to locate element: {"method":"css selector","selector":"input[placeholder="Enter your username"]"}
  (Session info: chrome=97.0.4692.99)
For documentation on this error, please visit: https://selenium.dev/exceptions/#no_such_element
Build info: version: '4.0.0', revision: '3a21814679'
System info: host: 'AUL-DEV-03', ip: '10.0.5.63', os.name: 'Windows 10', os.arch: 'amd64', os.version: '10.0', java.version: '1.8.0_261'
Driver info: org.openqa.selenium.chrome.ChromeDriver
Command: [42cc9c6fb5d84ba2ae0c3caf9a2ec843, findElement {using=css selector, value=input[placeholder="Enter your username"]}]
Capabilities {acceptInsecureCerts: false, browserName: chrome, browserVersion: 97.0.4692.99, chrome: {chromedriverVersion: 96.0.4664.45 (76e4c1bb2ab46..., userDataDir: C:\Users\ANKIT~1.SRI\AppDat...}, goog:chromeOptions: {debuggerAddress: localhost:51181}, javascriptEnabled: true, networkConnectionEnabled: false, pageLoadStrategy: normal, platform: WINDOWS, platformName: WINDOWS, proxy: Proxy(), se:cdp: ws://localhost:51181/devtoo..., se:cdpVersion: 97.0.4692.99, setWindowRect: true, strictFileInteractability: false, timeouts: {implicit: 0, pageLoad: 300000, script: 30000}, unhandledPromptBehavior: dismiss and notify, webauthn:extension:credBlob: true, webauthn:extension:largeBlob: true, webauthn:virtualAuthenticators: true}
Session ID: 42cc9c6fb5d84ba2ae0c3caf9a2ec843
	at testsuite.screenTitle_test.screenTitle(screenTitle_test.java:74)
]]></failure>
    <system-out><![CDATA[screenTitle test case started
The name of the testcase failed is :screenTitle
]]></system-out>
  </testcase>
  <testcase name="screenTitle[E-Rate, Quote History](2)" classname="testsuite.screenTitle_test" time="30.22">
    <failure message="no such element: Unable to locate element: {&quot;method&quot;:&quot;css selector&quot;,&quot;selector&quot;:&quot;input[placeholder=&quot;Enter your username&quot;]&quot;}&#10;  (Session info: chrome=97.0.4692.99)&#10;For documentation on this error, please visit: https://selenium.dev/exceptions/#no_such_element&#10;Build info: version: &apos;4.0.0&apos;, revision: &apos;3a21814679&apos;&#10;System info: host: &apos;AUL-DEV-03&apos;, ip: &apos;10.0.5.63&apos;, os.name: &apos;Windows 10&apos;, os.arch: &apos;amd64&apos;, os.version: &apos;10.0&apos;, java.version: &apos;1.8.0_261&apos;&#10;Driver info: org.openqa.selenium.chrome.ChromeDriver&#10;Command: [42cc9c6fb5d84ba2ae0c3caf9a2ec843, findElement {using=css selector, value=input[placeholder=&quot;Enter your username&quot;]}]&#10;Capabilities {acceptInsecureCerts: false, browserName: chrome, browserVersion: 97.0.4692.99, chrome: {chromedriverVersion: 96.0.4664.45 (76e4c1bb2ab46..., userDataDir: C:\Users\ANKIT~1.SRI\AppDat...}, goog:chromeOptions: {debuggerAddress: localhost:51181}, javascriptEnabled: true, networkConnectionEnabled: false, pageLoadStrategy: normal, platform: WINDOWS, platformName: WINDOWS, proxy: Proxy(), se:cdp: ws://localhost:51181/devtoo..., se:cdpVersion: 97.0.4692.99, setWindowRect: true, strictFileInteractability: false, timeouts: {implicit: 0, pageLoad: 300000, script: 30000}, unhandledPromptBehavior: dismiss and notify, webauthn:extension:credBlob: true, webauthn:extension:largeBlob: true, webauthn:virtualAuthenticators: true}&#10;Session ID: 42cc9c6fb5d84ba2ae0c3caf9a2ec843" type="org.openqa.selenium.NoSuchElementException"><![CDATA[org.openqa.selenium.NoSuchElementException: 
no such element: Unable to locate element: {"method":"css selector","selector":"input[placeholder="Enter your username"]"}
  (Session info: chrome=97.0.4692.99)
For documentation on this error, please visit: https://selenium.dev/exceptions/#no_such_element
Build info: version: '4.0.0', revision: '3a21814679'
System info: host: 'AUL-DEV-03', ip: '10.0.5.63', os.name: 'Windows 10', os.arch: 'amd64', os.version: '10.0', java.version: '1.8.0_261'
Driver info: org.openqa.selenium.chrome.ChromeDriver
Command: [42cc9c6fb5d84ba2ae0c3caf9a2ec843, findElement {using=css selector, value=input[placeholder="Enter your username"]}]
Capabilities {acceptInsecureCerts: false, browserName: chrome, browserVersion: 97.0.4692.99, chrome: {chromedriverVersion: 96.0.4664.45 (76e4c1bb2ab46..., userDataDir: C:\Users\ANKIT~1.SRI\AppDat...}, goog:chromeOptions: {debuggerAddress: localhost:51181}, javascriptEnabled: true, networkConnectionEnabled: false, pageLoadStrategy: normal, platform: WINDOWS, platformName: WINDOWS, proxy: Proxy(), se:cdp: ws://localhost:51181/devtoo..., se:cdpVersion: 97.0.4692.99, setWindowRect: true, strictFileInteractability: false, timeouts: {implicit: 0, pageLoad: 300000, script: 30000}, unhandledPromptBehavior: dismiss and notify, webauthn:extension:credBlob: true, webauthn:extension:largeBlob: true, webauthn:virtualAuthenticators: true}
Session ID: 42cc9c6fb5d84ba2ae0c3caf9a2ec843
	at testsuite.screenTitle_test.screenTitle(screenTitle_test.java:74)
]]></failure>
    <system-out><![CDATA[screenTitle test case started
The name of the testcase failed is :screenTitle
]]></system-out>
  </testcase>
  <testcase name="screenTitle[Contracts, Contract Search](3)" classname="testsuite.screenTitle_test" time="30.235">
    <failure message="no such element: Unable to locate element: {&quot;method&quot;:&quot;css selector&quot;,&quot;selector&quot;:&quot;input[placeholder=&quot;Enter your username&quot;]&quot;}&#10;  (Session info: chrome=97.0.4692.99)&#10;For documentation on this error, please visit: https://selenium.dev/exceptions/#no_such_element&#10;Build info: version: &apos;4.0.0&apos;, revision: &apos;3a21814679&apos;&#10;System info: host: &apos;AUL-DEV-03&apos;, ip: &apos;10.0.5.63&apos;, os.name: &apos;Windows 10&apos;, os.arch: &apos;amd64&apos;, os.version: &apos;10.0&apos;, java.version: &apos;1.8.0_261&apos;&#10;Driver info: org.openqa.selenium.chrome.ChromeDriver&#10;Command: [42cc9c6fb5d84ba2ae0c3caf9a2ec843, findElement {using=css selector, value=input[placeholder=&quot;Enter your username&quot;]}]&#10;Capabilities {acceptInsecureCerts: false, browserName: chrome, browserVersion: 97.0.4692.99, chrome: {chromedriverVersion: 96.0.4664.45 (76e4c1bb2ab46..., userDataDir: C:\Users\ANKIT~1.SRI\AppDat...}, goog:chromeOptions: {debuggerAddress: localhost:51181}, javascriptEnabled: true, networkConnectionEnabled: false, pageLoadStrategy: normal, platform: WINDOWS, platformName: WINDOWS, proxy: Proxy(), se:cdp: ws://localhost:51181/devtoo..., se:cdpVersion: 97.0.4692.99, setWindowRect: true, strictFileInteractability: false, timeouts: {implicit: 0, pageLoad: 300000, script: 30000}, unhandledPromptBehavior: dismiss and notify, webauthn:extension:credBlob: true, webauthn:extension:largeBlob: true, webauthn:virtualAuthenticators: true}&#10;Session ID: 42cc9c6fb5d84ba2ae0c3caf9a2ec843" type="org.openqa.selenium.NoSuchElementException"><![CDATA[org.openqa.selenium.NoSuchElementException: 
no such element: Unable to locate element: {"method":"css selector","selector":"input[placeholder="Enter your username"]"}
  (Session info: chrome=97.0.4692.99)
For documentation on this error, please visit: https://selenium.dev/exceptions/#no_such_element
Build info: version: '4.0.0', revision: '3a21814679'
System info: host: 'AUL-DEV-03', ip: '10.0.5.63', os.name: 'Windows 10', os.arch: 'amd64', os.version: '10.0', java.version: '1.8.0_261'
Driver info: org.openqa.selenium.chrome.ChromeDriver
Command: [42cc9c6fb5d84ba2ae0c3caf9a2ec843, findElement {using=css selector, value=input[placeholder="Enter your username"]}]
Capabilities {acceptInsecureCerts: false, browserName: chrome, browserVersion: 97.0.4692.99, chrome: {chromedriverVersion: 96.0.4664.45 (76e4c1bb2ab46..., userDataDir: C:\Users\ANKIT~1.SRI\AppDat...}, goog:chromeOptions: {debuggerAddress: localhost:51181}, javascriptEnabled: true, networkConnectionEnabled: false, pageLoadStrategy: normal, platform: WINDOWS, platformName: WINDOWS, proxy: Proxy(), se:cdp: ws://localhost:51181/devtoo..., se:cdpVersion: 97.0.4692.99, setWindowRect: true, strictFileInteractability: false, timeouts: {implicit: 0, pageLoad: 300000, script: 30000}, unhandledPromptBehavior: dismiss and notify, webauthn:extension:credBlob: true, webauthn:extension:largeBlob: true, webauthn:virtualAuthenticators: true}
Session ID: 42cc9c6fb5d84ba2ae0c3caf9a2ec843
	at testsuite.screenTitle_test.screenTitle(screenTitle_test.java:74)
]]></failure>
    <system-out><![CDATA[screenTitle test case started
The name of the testcase failed is :screenTitle
]]></system-out>
  </testcase>
  <testcase name="screenTitle[Contracts, SPP](4)" classname="testsuite.screenTitle_test" time="30.255">
    <failure message="no such element: Unable to locate element: {&quot;method&quot;:&quot;css selector&quot;,&quot;selector&quot;:&quot;input[placeholder=&quot;Enter your username&quot;]&quot;}&#10;  (Session info: chrome=97.0.4692.99)&#10;For documentation on this error, please visit: https://selenium.dev/exceptions/#no_such_element&#10;Build info: version: &apos;4.0.0&apos;, revision: &apos;3a21814679&apos;&#10;System info: host: &apos;AUL-DEV-03&apos;, ip: &apos;10.0.5.63&apos;, os.name: &apos;Windows 10&apos;, os.arch: &apos;amd64&apos;, os.version: &apos;10.0&apos;, java.version: &apos;1.8.0_261&apos;&#10;Driver info: org.openqa.selenium.chrome.ChromeDriver&#10;Command: [42cc9c6fb5d84ba2ae0c3caf9a2ec843, findElement {using=css selector, value=input[placeholder=&quot;Enter your username&quot;]}]&#10;Capabilities {acceptInsecureCerts: false, browserName: chrome, browserVersion: 97.0.4692.99, chrome: {chromedriverVersion: 96.0.4664.45 (76e4c1bb2ab46..., userDataDir: C:\Users\ANKIT~1.SRI\AppDat...}, goog:chromeOptions: {debuggerAddress: localhost:51181}, javascriptEnabled: true, networkConnectionEnabled: false, pageLoadStrategy: normal, platform: WINDOWS, platformName: WINDOWS, proxy: Proxy(), se:cdp: ws://localhost:51181/devtoo..., se:cdpVersion: 97.0.4692.99, setWindowRect: true, strictFileInteractability: false, timeouts: {implicit: 0, pageLoad: 300000, script: 30000}, unhandledPromptBehavior: dismiss and notify, webauthn:extension:credBlob: true, webauthn:extension:largeBlob: true, webauthn:virtualAuthenticators: true}&#10;Session ID: 42cc9c6fb5d84ba2ae0c3caf9a2ec843" type="org.openqa.selenium.NoSuchElementException"><![CDATA[org.openqa.selenium.NoSuchElementException: 
no such element: Unable to locate element: {"method":"css selector","selector":"input[placeholder="Enter your username"]"}
  (Session info: chrome=97.0.4692.99)
For documentation on this error, please visit: https://selenium.dev/exceptions/#no_such_element
Build info: version: '4.0.0', revision: '3a21814679'
System info: host: 'AUL-DEV-03', ip: '10.0.5.63', os.name: 'Windows 10', os.arch: 'amd64', os.version: '10.0', java.version: '1.8.0_261'
Driver info: org.openqa.selenium.chrome.ChromeDriver
Command: [42cc9c6fb5d84ba2ae0c3caf9a2ec843, findElement {using=css selector, value=input[placeholder="Enter your username"]}]
Capabilities {acceptInsecureCerts: false, browserName: chrome, browserVersion: 97.0.4692.99, chrome: {chromedriverVersion: 96.0.4664.45 (76e4c1bb2ab46..., userDataDir: C:\Users\ANKIT~1.SRI\AppDat...}, goog:chromeOptions: {debuggerAddress: localhost:51181}, javascriptEnabled: true, networkConnectionEnabled: false, pageLoadStrategy: normal, platform: WINDOWS, platformName: WINDOWS, proxy: Proxy(), se:cdp: ws://localhost:51181/devtoo..., se:cdpVersion: 97.0.4692.99, setWindowRect: true, strictFileInteractability: false, timeouts: {implicit: 0, pageLoad: 300000, script: 30000}, unhandledPromptBehavior: dismiss and notify, webauthn:extension:credBlob: true, webauthn:extension:largeBlob: true, webauthn:virtualAuthenticators: true}
Session ID: 42cc9c6fb5d84ba2ae0c3caf9a2ec843
	at testsuite.screenTitle_test.screenTitle(screenTitle_test.java:74)
]]></failure>
    <system-out><![CDATA[screenTitle test case started
The name of the testcase failed is :screenTitle
]]></system-out>
  </testcase>
  <testcase name="screenTitle[Cancellations, Cancellation Quote](5)" classname="testsuite.screenTitle_test" time="30.256">
    <failure message="no such element: Unable to locate element: {&quot;method&quot;:&quot;css selector&quot;,&quot;selector&quot;:&quot;input[placeholder=&quot;Enter your username&quot;]&quot;}&#10;  (Session info: chrome=97.0.4692.99)&#10;For documentation on this error, please visit: https://selenium.dev/exceptions/#no_such_element&#10;Build info: version: &apos;4.0.0&apos;, revision: &apos;3a21814679&apos;&#10;System info: host: &apos;AUL-DEV-03&apos;, ip: &apos;10.0.5.63&apos;, os.name: &apos;Windows 10&apos;, os.arch: &apos;amd64&apos;, os.version: &apos;10.0&apos;, java.version: &apos;1.8.0_261&apos;&#10;Driver info: org.openqa.selenium.chrome.ChromeDriver&#10;Command: [42cc9c6fb5d84ba2ae0c3caf9a2ec843, findElement {using=css selector, value=input[placeholder=&quot;Enter your username&quot;]}]&#10;Capabilities {acceptInsecureCerts: false, browserName: chrome, browserVersion: 97.0.4692.99, chrome: {chromedriverVersion: 96.0.4664.45 (76e4c1bb2ab46..., userDataDir: C:\Users\ANKIT~1.SRI\AppDat...}, goog:chromeOptions: {debuggerAddress: localhost:51181}, javascriptEnabled: true, networkConnectionEnabled: false, pageLoadStrategy: normal, platform: WINDOWS, platformName: WINDOWS, proxy: Proxy(), se:cdp: ws://localhost:51181/devtoo..., se:cdpVersion: 97.0.4692.99, setWindowRect: true, strictFileInteractability: false, timeouts: {implicit: 0, pageLoad: 300000, script: 30000}, unhandledPromptBehavior: dismiss and notify, webauthn:extension:credBlob: true, webauthn:extension:largeBlob: true, webauthn:virtualAuthenticators: true}&#10;Session ID: 42cc9c6fb5d84ba2ae0c3caf9a2ec843" type="org.openqa.selenium.NoSuchElementException"><![CDATA[org.openqa.selenium.NoSuchElementException: 
no such element: Unable to locate element: {"method":"css selector","selector":"input[placeholder="Enter your username"]"}
  (Session info: chrome=97.0.4692.99)
For documentation on this error, please visit: https://selenium.dev/exceptions/#no_such_element
Build info: version: '4.0.0', revision: '3a21814679'
System info: host: 'AUL-DEV-03', ip: '10.0.5.63', os.name: 'Windows 10', os.arch: 'amd64', os.version: '10.0', java.version: '1.8.0_261'
Driver info: org.openqa.selenium.chrome.ChromeDriver
Command: [42cc9c6fb5d84ba2ae0c3caf9a2ec843, findElement {using=css selector, value=input[placeholder="Enter your username"]}]
Capabilities {acceptInsecureCerts: false, browserName: chrome, browserVersion: 97.0.4692.99, chrome: {chromedriverVersion: 96.0.4664.45 (76e4c1bb2ab46..., userDataDir: C:\Users\ANKIT~1.SRI\AppDat...}, goog:chromeOptions: {debuggerAddress: localhost:51181}, javascriptEnabled: true, networkConnectionEnabled: false, pageLoadStrategy: normal, platform: WINDOWS, platformName: WINDOWS, proxy: Proxy(), se:cdp: ws://localhost:51181/devtoo..., se:cdpVersion: 97.0.4692.99, setWindowRect: true, strictFileInteractability: false, timeouts: {implicit: 0, pageLoad: 300000, script: 30000}, unhandledPromptBehavior: dismiss and notify, webauthn:extension:credBlob: true, webauthn:extension:largeBlob: true, webauthn:virtualAuthenticators: true}
Session ID: 42cc9c6fb5d84ba2ae0c3caf9a2ec843
	at testsuite.screenTitle_test.screenTitle(screenTitle_test.java:74)
]]></failure>
    <system-out><![CDATA[screenTitle test case started
The name of the testcase failed is :screenTitle
]]></system-out>
  </testcase>
  <testcase name="screenTitle[Cancellations, Cancellation History](6)" classname="testsuite.screenTitle_test" time="30.24">
    <failure message="no such element: Unable to locate element: {&quot;method&quot;:&quot;css selector&quot;,&quot;selector&quot;:&quot;input[placeholder=&quot;Enter your username&quot;]&quot;}&#10;  (Session info: chrome=97.0.4692.99)&#10;For documentation on this error, please visit: https://selenium.dev/exceptions/#no_such_element&#10;Build info: version: &apos;4.0.0&apos;, revision: &apos;3a21814679&apos;&#10;System info: host: &apos;AUL-DEV-03&apos;, ip: &apos;10.0.5.63&apos;, os.name: &apos;Windows 10&apos;, os.arch: &apos;amd64&apos;, os.version: &apos;10.0&apos;, java.version: &apos;1.8.0_261&apos;&#10;Driver info: org.openqa.selenium.chrome.ChromeDriver&#10;Command: [42cc9c6fb5d84ba2ae0c3caf9a2ec843, findElement {using=css selector, value=input[placeholder=&quot;Enter your username&quot;]}]&#10;Capabilities {acceptInsecureCerts: false, browserName: chrome, browserVersion: 97.0.4692.99, chrome: {chromedriverVersion: 96.0.4664.45 (76e4c1bb2ab46..., userDataDir: C:\Users\ANKIT~1.SRI\AppDat...}, goog:chromeOptions: {debuggerAddress: localhost:51181}, javascriptEnabled: true, networkConnectionEnabled: false, pageLoadStrategy: normal, platform: WINDOWS, platformName: WINDOWS, proxy: Proxy(), se:cdp: ws://localhost:51181/devtoo..., se:cdpVersion: 97.0.4692.99, setWindowRect: true, strictFileInteractability: false, timeouts: {implicit: 0, pageLoad: 300000, script: 30000}, unhandledPromptBehavior: dismiss and notify, webauthn:extension:credBlob: true, webauthn:extension:largeBlob: true, webauthn:virtualAuthenticators: true}&#10;Session ID: 42cc9c6fb5d84ba2ae0c3caf9a2ec843" type="org.openqa.selenium.NoSuchElementException"><![CDATA[org.openqa.selenium.NoSuchElementException: 
no such element: Unable to locate element: {"method":"css selector","selector":"input[placeholder="Enter your username"]"}
  (Session info: chrome=97.0.4692.99)
For documentation on this error, please visit: https://selenium.dev/exceptions/#no_such_element
Build info: version: '4.0.0', revision: '3a21814679'
System info: host: 'AUL-DEV-03', ip: '10.0.5.63', os.name: 'Windows 10', os.arch: 'amd64', os.version: '10.0', java.version: '1.8.0_261'
Driver info: org.openqa.selenium.chrome.ChromeDriver
Command: [42cc9c6fb5d84ba2ae0c3caf9a2ec843, findElement {using=css selector, value=input[placeholder="Enter your username"]}]
Capabilities {acceptInsecureCerts: false, browserName: chrome, browserVersion: 97.0.4692.99, chrome: {chromedriverVersion: 96.0.4664.45 (76e4c1bb2ab46..., userDataDir: C:\Users\ANKIT~1.SRI\AppDat...}, goog:chromeOptions: {debuggerAddress: localhost:51181}, javascriptEnabled: true, networkConnectionEnabled: false, pageLoadStrategy: normal, platform: WINDOWS, platformName: WINDOWS, proxy: Proxy(), se:cdp: ws://localhost:51181/devtoo..., se:cdpVersion: 97.0.4692.99, setWindowRect: true, strictFileInteractability: false, timeouts: {implicit: 0, pageLoad: 300000, script: 30000}, unhandledPromptBehavior: dismiss and notify, webauthn:extension:credBlob: true, webauthn:extension:largeBlob: true, webauthn:virtualAuthenticators: true}
Session ID: 42cc9c6fb5d84ba2ae0c3caf9a2ec843
	at testsuite.screenTitle_test.screenTitle(screenTitle_test.java:74)
]]></failure>
    <system-out><![CDATA[screenTitle test case started
The name of the testcase failed is :screenTitle
]]></system-out>
  </testcase>
  <testcase name="screenTitle[Reports, My Account Statements](7)" classname="testsuite.screenTitle_test" time="30.239">
    <failure message="no such element: Unable to locate element: {&quot;method&quot;:&quot;css selector&quot;,&quot;selector&quot;:&quot;input[placeholder=&quot;Enter your username&quot;]&quot;}&#10;  (Session info: chrome=97.0.4692.99)&#10;For documentation on this error, please visit: https://selenium.dev/exceptions/#no_such_element&#10;Build info: version: &apos;4.0.0&apos;, revision: &apos;3a21814679&apos;&#10;System info: host: &apos;AUL-DEV-03&apos;, ip: &apos;10.0.5.63&apos;, os.name: &apos;Windows 10&apos;, os.arch: &apos;amd64&apos;, os.version: &apos;10.0&apos;, java.version: &apos;1.8.0_261&apos;&#10;Driver info: org.openqa.selenium.chrome.ChromeDriver&#10;Command: [42cc9c6fb5d84ba2ae0c3caf9a2ec843, findElement {using=css selector, value=input[placeholder=&quot;Enter your username&quot;]}]&#10;Capabilities {acceptInsecureCerts: false, browserName: chrome, browserVersion: 97.0.4692.99, chrome: {chromedriverVersion: 96.0.4664.45 (76e4c1bb2ab46..., userDataDir: C:\Users\ANKIT~1.SRI\AppDat...}, goog:chromeOptions: {debuggerAddress: localhost:51181}, javascriptEnabled: true, networkConnectionEnabled: false, pageLoadStrategy: normal, platform: WINDOWS, platformName: WINDOWS, proxy: Proxy(), se:cdp: ws://localhost:51181/devtoo..., se:cdpVersion: 97.0.4692.99, setWindowRect: true, strictFileInteractability: false, timeouts: {implicit: 0, pageLoad: 300000, script: 30000}, unhandledPromptBehavior: dismiss and notify, webauthn:extension:credBlob: true, webauthn:extension:largeBlob: true, webauthn:virtualAuthenticators: true}&#10;Session ID: 42cc9c6fb5d84ba2ae0c3caf9a2ec843" type="org.openqa.selenium.NoSuchElementException"><![CDATA[org.openqa.selenium.NoSuchElementException: 
no such element: Unable to locate element: {"method":"css selector","selector":"input[placeholder="Enter your username"]"}
  (Session info: chrome=97.0.4692.99)
For documentation on this error, please visit: https://selenium.dev/exceptions/#no_such_element
Build info: version: '4.0.0', revision: '3a21814679'
System info: host: 'AUL-DEV-03', ip: '10.0.5.63', os.name: 'Windows 10', os.arch: 'amd64', os.version: '10.0', java.version: '1.8.0_261'
Driver info: org.openqa.selenium.chrome.ChromeDriver
Command: [42cc9c6fb5d84ba2ae0c3caf9a2ec843, findElement {using=css selector, value=input[placeholder="Enter your username"]}]
Capabilities {acceptInsecureCerts: false, browserName: chrome, browserVersion: 97.0.4692.99, chrome: {chromedriverVersion: 96.0.4664.45 (76e4c1bb2ab46..., userDataDir: C:\Users\ANKIT~1.SRI\AppDat...}, goog:chromeOptions: {debuggerAddress: localhost:51181}, javascriptEnabled: true, networkConnectionEnabled: false, pageLoadStrategy: normal, platform: WINDOWS, platformName: WINDOWS, proxy: Proxy(), se:cdp: ws://localhost:51181/devtoo..., se:cdpVersion: 97.0.4692.99, setWindowRect: true, strictFileInteractability: false, timeouts: {implicit: 0, pageLoad: 300000, script: 30000}, unhandledPromptBehavior: dismiss and notify, webauthn:extension:credBlob: true, webauthn:extension:largeBlob: true, webauthn:virtualAuthenticators: true}
Session ID: 42cc9c6fb5d84ba2ae0c3caf9a2ec843
	at testsuite.screenTitle_test.screenTitle(screenTitle_test.java:74)
]]></failure>
    <system-out><![CDATA[screenTitle test case started
The name of the testcase failed is :screenTitle
]]></system-out>
  </testcase>
  <testcase name="screenTitle[Reports, Early Claims](8)" classname="testsuite.screenTitle_test" time="30.224">
    <failure message="no such element: Unable to locate element: {&quot;method&quot;:&quot;css selector&quot;,&quot;selector&quot;:&quot;input[placeholder=&quot;Enter your username&quot;]&quot;}&#10;  (Session info: chrome=97.0.4692.99)&#10;For documentation on this error, please visit: https://selenium.dev/exceptions/#no_such_element&#10;Build info: version: &apos;4.0.0&apos;, revision: &apos;3a21814679&apos;&#10;System info: host: &apos;AUL-DEV-03&apos;, ip: &apos;10.0.5.63&apos;, os.name: &apos;Windows 10&apos;, os.arch: &apos;amd64&apos;, os.version: &apos;10.0&apos;, java.version: &apos;1.8.0_261&apos;&#10;Driver info: org.openqa.selenium.chrome.ChromeDriver&#10;Command: [42cc9c6fb5d84ba2ae0c3caf9a2ec843, findElement {using=css selector, value=input[placeholder=&quot;Enter your username&quot;]}]&#10;Capabilities {acceptInsecureCerts: false, browserName: chrome, browserVersion: 97.0.4692.99, chrome: {chromedriverVersion: 96.0.4664.45 (76e4c1bb2ab46..., userDataDir: C:\Users\ANKIT~1.SRI\AppDat...}, goog:chromeOptions: {debuggerAddress: localhost:51181}, javascriptEnabled: true, networkConnectionEnabled: false, pageLoadStrategy: normal, platform: WINDOWS, platformName: WINDOWS, proxy: Proxy(), se:cdp: ws://localhost:51181/devtoo..., se:cdpVersion: 97.0.4692.99, setWindowRect: true, strictFileInteractability: false, timeouts: {implicit: 0, pageLoad: 300000, script: 30000}, unhandledPromptBehavior: dismiss and notify, webauthn:extension:credBlob: true, webauthn:extension:largeBlob: true, webauthn:virtualAuthenticators: true}&#10;Session ID: 42cc9c6fb5d84ba2ae0c3caf9a2ec843" type="org.openqa.selenium.NoSuchElementException"><![CDATA[org.openqa.selenium.NoSuchElementException: 
no such element: Unable to locate element: {"method":"css selector","selector":"input[placeholder="Enter your username"]"}
  (Session info: chrome=97.0.4692.99)
For documentation on this error, please visit: https://selenium.dev/exceptions/#no_such_element
Build info: version: '4.0.0', revision: '3a21814679'
System info: host: 'AUL-DEV-03', ip: '10.0.5.63', os.name: 'Windows 10', os.arch: 'amd64', os.version: '10.0', java.version: '1.8.0_261'
Driver info: org.openqa.selenium.chrome.ChromeDriver
Command: [42cc9c6fb5d84ba2ae0c3caf9a2ec843, findElement {using=css selector, value=input[placeholder="Enter your username"]}]
Capabilities {acceptInsecureCerts: false, browserName: chrome, browserVersion: 97.0.4692.99, chrome: {chromedriverVersion: 96.0.4664.45 (76e4c1bb2ab46..., userDataDir: C:\Users\ANKIT~1.SRI\AppDat...}, goog:chromeOptions: {debuggerAddress: localhost:51181}, javascriptEnabled: true, networkConnectionEnabled: false, pageLoadStrategy: normal, platform: WINDOWS, platformName: WINDOWS, proxy: Proxy(), se:cdp: ws://localhost:51181/devtoo..., se:cdpVersion: 97.0.4692.99, setWindowRect: true, strictFileInteractability: false, timeouts: {implicit: 0, pageLoad: 300000, script: 30000}, unhandledPromptBehavior: dismiss and notify, webauthn:extension:credBlob: true, webauthn:extension:largeBlob: true, webauthn:virtualAuthenticators: true}
Session ID: 42cc9c6fb5d84ba2ae0c3caf9a2ec843
	at testsuite.screenTitle_test.screenTitle(screenTitle_test.java:74)
]]></failure>
    <system-out><![CDATA[screenTitle test case started
The name of the testcase failed is :screenTitle
]]></system-out>
  </testcase>
  <testcase name="screenTitle[Reports, Cancellations](9)" classname="testsuite.screenTitle_test" time="30.226">
    <failure message="no such element: Unable to locate element: {&quot;method&quot;:&quot;css selector&quot;,&quot;selector&quot;:&quot;input[placeholder=&quot;Enter your username&quot;]&quot;}&#10;  (Session info: chrome=97.0.4692.99)&#10;For documentation on this error, please visit: https://selenium.dev/exceptions/#no_such_element&#10;Build info: version: &apos;4.0.0&apos;, revision: &apos;3a21814679&apos;&#10;System info: host: &apos;AUL-DEV-03&apos;, ip: &apos;10.0.5.63&apos;, os.name: &apos;Windows 10&apos;, os.arch: &apos;amd64&apos;, os.version: &apos;10.0&apos;, java.version: &apos;1.8.0_261&apos;&#10;Driver info: org.openqa.selenium.chrome.ChromeDriver&#10;Command: [42cc9c6fb5d84ba2ae0c3caf9a2ec843, findElement {using=css selector, value=input[placeholder=&quot;Enter your username&quot;]}]&#10;Capabilities {acceptInsecureCerts: false, browserName: chrome, browserVersion: 97.0.4692.99, chrome: {chromedriverVersion: 96.0.4664.45 (76e4c1bb2ab46..., userDataDir: C:\Users\ANKIT~1.SRI\AppDat...}, goog:chromeOptions: {debuggerAddress: localhost:51181}, javascriptEnabled: true, networkConnectionEnabled: false, pageLoadStrategy: normal, platform: WINDOWS, platformName: WINDOWS, proxy: Proxy(), se:cdp: ws://localhost:51181/devtoo..., se:cdpVersion: 97.0.4692.99, setWindowRect: true, strictFileInteractability: false, timeouts: {implicit: 0, pageLoad: 300000, script: 30000}, unhandledPromptBehavior: dismiss and notify, webauthn:extension:credBlob: true, webauthn:extension:largeBlob: true, webauthn:virtualAuthenticators: true}&#10;Session ID: 42cc9c6fb5d84ba2ae0c3caf9a2ec843" type="org.openqa.selenium.NoSuchElementException"><![CDATA[org.openqa.selenium.NoSuchElementException: 
no such element: Unable to locate element: {"method":"css selector","selector":"input[placeholder="Enter your username"]"}
  (Session info: chrome=97.0.4692.99)
For documentation on this error, please visit: https://selenium.dev/exceptions/#no_such_element
Build info: version: '4.0.0', revision: '3a21814679'
System info: host: 'AUL-DEV-03', ip: '10.0.5.63', os.name: 'Windows 10', os.arch: 'amd64', os.version: '10.0', java.version: '1.8.0_261'
Driver info: org.openqa.selenium.chrome.ChromeDriver
Command: [42cc9c6fb5d84ba2ae0c3caf9a2ec843, findElement {using=css selector, value=input[placeholder="Enter your username"]}]
Capabilities {acceptInsecureCerts: false, browserName: chrome, browserVersion: 97.0.4692.99, chrome: {chromedriverVersion: 96.0.4664.45 (76e4c1bb2ab46..., userDataDir: C:\Users\ANKIT~1.SRI\AppDat...}, goog:chromeOptions: {debuggerAddress: localhost:51181}, javascriptEnabled: true, networkConnectionEnabled: false, pageLoadStrategy: normal, platform: WINDOWS, platformName: WINDOWS, proxy: Proxy(), se:cdp: ws://localhost:51181/devtoo..., se:cdpVersion: 97.0.4692.99, setWindowRect: true, strictFileInteractability: false, timeouts: {implicit: 0, pageLoad: 300000, script: 30000}, unhandledPromptBehavior: dismiss and notify, webauthn:extension:credBlob: true, webauthn:extension:largeBlob: true, webauthn:virtualAuthenticators: true}
Session ID: 42cc9c6fb5d84ba2ae0c3caf9a2ec843
	at testsuite.screenTitle_test.screenTitle(screenTitle_test.java:74)
]]></failure>
    <system-out><![CDATA[screenTitle test case started
The name of the testcase failed is :screenTitle
]]></system-out>
  </testcase>
  <testcase name="screenTitle[Reports, Claims History](10)" classname="testsuite.screenTitle_test" time="30.206">
    <failure message="no such element: Unable to locate element: {&quot;method&quot;:&quot;css selector&quot;,&quot;selector&quot;:&quot;input[placeholder=&quot;Enter your username&quot;]&quot;}&#10;  (Session info: chrome=97.0.4692.99)&#10;For documentation on this error, please visit: https://selenium.dev/exceptions/#no_such_element&#10;Build info: version: &apos;4.0.0&apos;, revision: &apos;3a21814679&apos;&#10;System info: host: &apos;AUL-DEV-03&apos;, ip: &apos;10.0.5.63&apos;, os.name: &apos;Windows 10&apos;, os.arch: &apos;amd64&apos;, os.version: &apos;10.0&apos;, java.version: &apos;1.8.0_261&apos;&#10;Driver info: org.openqa.selenium.chrome.ChromeDriver&#10;Command: [42cc9c6fb5d84ba2ae0c3caf9a2ec843, findElement {using=css selector, value=input[placeholder=&quot;Enter your username&quot;]}]&#10;Capabilities {acceptInsecureCerts: false, browserName: chrome, browserVersion: 97.0.4692.99, chrome: {chromedriverVersion: 96.0.4664.45 (76e4c1bb2ab46..., userDataDir: C:\Users\ANKIT~1.SRI\AppDat...}, goog:chromeOptions: {debuggerAddress: localhost:51181}, javascriptEnabled: true, networkConnectionEnabled: false, pageLoadStrategy: normal, platform: WINDOWS, platformName: WINDOWS, proxy: Proxy(), se:cdp: ws://localhost:51181/devtoo..., se:cdpVersion: 97.0.4692.99, setWindowRect: true, strictFileInteractability: false, timeouts: {implicit: 0, pageLoad: 300000, script: 30000}, unhandledPromptBehavior: dismiss and notify, webauthn:extension:credBlob: true, webauthn:extension:largeBlob: true, webauthn:virtualAuthenticators: true}&#10;Session ID: 42cc9c6fb5d84ba2ae0c3caf9a2ec843" type="org.openqa.selenium.NoSuchElementException"><![CDATA[org.openqa.selenium.NoSuchElementException: 
no such element: Unable to locate element: {"method":"css selector","selector":"input[placeholder="Enter your username"]"}
  (Session info: chrome=97.0.4692.99)
For documentation on this error, please visit: https://selenium.dev/exceptions/#no_such_element
Build info: version: '4.0.0', revision: '3a21814679'
System info: host: 'AUL-DEV-03', ip: '10.0.5.63', os.name: 'Windows 10', os.arch: 'amd64', os.version: '10.0', java.version: '1.8.0_261'
Driver info: org.openqa.selenium.chrome.ChromeDriver
Command: [42cc9c6fb5d84ba2ae0c3caf9a2ec843, findElement {using=css selector, value=input[placeholder="Enter your username"]}]
Capabilities {acceptInsecureCerts: false, browserName: chrome, browserVersion: 97.0.4692.99, chrome: {chromedriverVersion: 96.0.4664.45 (76e4c1bb2ab46..., userDataDir: C:\Users\ANKIT~1.SRI\AppDat...}, goog:chromeOptions: {debuggerAddress: localhost:51181}, javascriptEnabled: true, networkConnectionEnabled: false, pageLoadStrategy: normal, platform: WINDOWS, platformName: WINDOWS, proxy: Proxy(), se:cdp: ws://localhost:51181/devtoo..., se:cdpVersion: 97.0.4692.99, setWindowRect: true, strictFileInteractability: false, timeouts: {implicit: 0, pageLoad: 300000, script: 30000}, unhandledPromptBehavior: dismiss and notify, webauthn:extension:credBlob: true, webauthn:extension:largeBlob: true, webauthn:virtualAuthenticators: true}
Session ID: 42cc9c6fb5d84ba2ae0c3caf9a2ec843
	at testsuite.screenTitle_test.screenTitle(screenTitle_test.java:74)
]]></failure>
    <system-out><![CDATA[screenTitle test case started
The name of the testcase failed is :screenTitle
]]></system-out>
  </testcase>
  <testcase name="screenTitle[Reports, Actuarials](11)" classname="testsuite.screenTitle_test" time="30.254">
    <failure message="no such element: Unable to locate element: {&quot;method&quot;:&quot;css selector&quot;,&quot;selector&quot;:&quot;input[placeholder=&quot;Enter your username&quot;]&quot;}&#10;  (Session info: chrome=97.0.4692.99)&#10;For documentation on this error, please visit: https://selenium.dev/exceptions/#no_such_element&#10;Build info: version: &apos;4.0.0&apos;, revision: &apos;3a21814679&apos;&#10;System info: host: &apos;AUL-DEV-03&apos;, ip: &apos;10.0.5.63&apos;, os.name: &apos;Windows 10&apos;, os.arch: &apos;amd64&apos;, os.version: &apos;10.0&apos;, java.version: &apos;1.8.0_261&apos;&#10;Driver info: org.openqa.selenium.chrome.ChromeDriver&#10;Command: [42cc9c6fb5d84ba2ae0c3caf9a2ec843, findElement {using=css selector, value=input[placeholder=&quot;Enter your username&quot;]}]&#10;Capabilities {acceptInsecureCerts: false, browserName: chrome, browserVersion: 97.0.4692.99, chrome: {chromedriverVersion: 96.0.4664.45 (76e4c1bb2ab46..., userDataDir: C:\Users\ANKIT~1.SRI\AppDat...}, goog:chromeOptions: {debuggerAddress: localhost:51181}, javascriptEnabled: true, networkConnectionEnabled: false, pageLoadStrategy: normal, platform: WINDOWS, platformName: WINDOWS, proxy: Proxy(), se:cdp: ws://localhost:51181/devtoo..., se:cdpVersion: 97.0.4692.99, setWindowRect: true, strictFileInteractability: false, timeouts: {implicit: 0, pageLoad: 300000, script: 30000}, unhandledPromptBehavior: dismiss and notify, webauthn:extension:credBlob: true, webauthn:extension:largeBlob: true, webauthn:virtualAuthenticators: true}&#10;Session ID: 42cc9c6fb5d84ba2ae0c3caf9a2ec843" type="org.openqa.selenium.NoSuchElementException"><![CDATA[org.openqa.selenium.NoSuchElementException: 
no such element: Unable to locate element: {"method":"css selector","selector":"input[placeholder="Enter your username"]"}
  (Session info: chrome=97.0.4692.99)
For documentation on this error, please visit: https://selenium.dev/exceptions/#no_such_element
Build info: version: '4.0.0', revision: '3a21814679'
System info: host: 'AUL-DEV-03', ip: '10.0.5.63', os.name: 'Windows 10', os.arch: 'amd64', os.version: '10.0', java.version: '1.8.0_261'
Driver info: org.openqa.selenium.chrome.ChromeDriver
Command: [42cc9c6fb5d84ba2ae0c3caf9a2ec843, findElement {using=css selector, value=input[placeholder="Enter your username"]}]
Capabilities {acceptInsecureCerts: false, browserName: chrome, browserVersion: 97.0.4692.99, chrome: {chromedriverVersion: 96.0.4664.45 (76e4c1bb2ab46..., userDataDir: C:\Users\ANKIT~1.SRI\AppDat...}, goog:chromeOptions: {debuggerAddress: localhost:51181}, javascriptEnabled: true, networkConnectionEnabled: false, pageLoadStrategy: normal, platform: WINDOWS, platformName: WINDOWS, proxy: Proxy(), se:cdp: ws://localhost:51181/devtoo..., se:cdpVersion: 97.0.4692.99, setWindowRect: true, strictFileInteractability: false, timeouts: {implicit: 0, pageLoad: 300000, script: 30000}, unhandledPromptBehavior: dismiss and notify, webauthn:extension:credBlob: true, webauthn:extension:largeBlob: true, webauthn:virtualAuthenticators: true}
Session ID: 42cc9c6fb5d84ba2ae0c3caf9a2ec843
	at testsuite.screenTitle_test.screenTitle(screenTitle_test.java:74)
]]></failure>
    <system-out><![CDATA[screenTitle test case started
The name of the testcase failed is :screenTitle
]]></system-out>
  </testcase>
  <testcase name="screenAgentTitle[E-Rate, Rate/Contract](1)" classname="testsuite.screenTitle_test" time="30.203">
    <failure message="no such element: Unable to locate element: {&quot;method&quot;:&quot;css selector&quot;,&quot;selector&quot;:&quot;input[placeholder=&quot;Enter your username&quot;]&quot;}&#10;  (Session info: chrome=97.0.4692.99)&#10;For documentation on this error, please visit: https://selenium.dev/exceptions/#no_such_element&#10;Build info: version: &apos;4.0.0&apos;, revision: &apos;3a21814679&apos;&#10;System info: host: &apos;AUL-DEV-03&apos;, ip: &apos;10.0.5.63&apos;, os.name: &apos;Windows 10&apos;, os.arch: &apos;amd64&apos;, os.version: &apos;10.0&apos;, java.version: &apos;1.8.0_261&apos;&#10;Driver info: org.openqa.selenium.chrome.ChromeDriver&#10;Command: [42cc9c6fb5d84ba2ae0c3caf9a2ec843, findElement {using=css selector, value=input[placeholder=&quot;Enter your username&quot;]}]&#10;Capabilities {acceptInsecureCerts: false, browserName: chrome, browserVersion: 97.0.4692.99, chrome: {chromedriverVersion: 96.0.4664.45 (76e4c1bb2ab46..., userDataDir: C:\Users\ANKIT~1.SRI\AppDat...}, goog:chromeOptions: {debuggerAddress: localhost:51181}, javascriptEnabled: true, networkConnectionEnabled: false, pageLoadStrategy: normal, platform: WINDOWS, platformName: WINDOWS, proxy: Proxy(), se:cdp: ws://localhost:51181/devtoo..., se:cdpVersion: 97.0.4692.99, setWindowRect: true, strictFileInteractability: false, timeouts: {implicit: 0, pageLoad: 300000, script: 30000}, unhandledPromptBehavior: dismiss and notify, webauthn:extension:credBlob: true, webauthn:extension:largeBlob: true, webauthn:virtualAuthenticators: true}&#10;Session ID: 42cc9c6fb5d84ba2ae0c3caf9a2ec843" type="org.openqa.selenium.NoSuchElementException"><![CDATA[org.openqa.selenium.NoSuchElementException: 
no such element: Unable to locate element: {"method":"css selector","selector":"input[placeholder="Enter your username"]"}
  (Session info: chrome=97.0.4692.99)
For documentation on this error, please visit: https://selenium.dev/exceptions/#no_such_element
Build info: version: '4.0.0', revision: '3a21814679'
System info: host: 'AUL-DEV-03', ip: '10.0.5.63', os.name: 'Windows 10', os.arch: 'amd64', os.version: '10.0', java.version: '1.8.0_261'
Driver info: org.openqa.selenium.chrome.ChromeDriver
[...]
no such element: Unable to locate element: {"method":"css selector","selector":"input[placeholder="Enter your username"]"}
  (Session info: chrome=97.0.4692.99)
For documentation on this error, please visit: https://selenium.dev/exceptions/#no_such_element
Build info: version: '4.0.0', revision: '3a21814679'
System info: host: 'AUL-DEV-03', ip: '10.0.5.63', os.name: 'Windows 10', os.arch: 'amd64', os.version: '10.0', java.version: '1.8.0_261'
Driver info: org.openqa.selenium.chrome.ChromeDriver
Command: [42cc9c6fb5d84ba2ae0c3caf9a2ec843, findElement {using=css selector, value=input[placeholder="Enter your username"]}]
Capabilities {acceptInsecureCerts: false, browserName: chrome, browserVersion: 97.0.4692.99, chrome: {chromedriverVersion: 96.0.4664.45 (76e4c1bb2ab46..., userDataDir: C:\Users\ANKIT~1.SRI\AppDat...}, goog:chromeOptions: {debuggerAddress: localhost:51181}, javascriptEnabled: true, networkConnectionEnabled: false, pageLoadStrategy: normal, platform: WINDOWS, platformName: WINDOWS, proxy: Proxy(), se:cdp: ws://localhost:51181/devtoo..., se:cdpVersion: 97.0.4692.99, setWindowRect: true, strictFileInteractability: false, timeouts: {implicit: 0, pageLoad: 300000, script: 30000}, unhandledPromptBehavior: dismiss and notify, webauthn:extension:credBlob: true, webauthn:extension:largeBlob: true, webauthn:virtualAuthenticators: true}
Session ID: 42cc9c6fb5d84ba2ae0c3caf9a2ec843
	at testsuite.earlyClaims_test.verifyToastMessage(earlyClaims_test.java:260)
]]></failure>
    <system-out><![CDATA[verifyToastMessage test case started
verifyToastMessage dealer mainpage
The name of the testcase failed is :verifyToastMessage
]]></system-out>
  </testcase>
  <testcase name="verifyToastMessage[Dealer7032823, 4558600, dealer, modal](2)" classname="testsuite.earlyClaims_test" time="2.26">
    <failure message="no such element: Unable to locate element: {&quot;method&quot;:&quot;css selector&quot;,&quot;selector&quot;:&quot;input[placeholder=&quot;Enter your username&quot;]&quot;}&#10;  (Session info: chrome=97.0.4692.99)&#10;For documentation on this error, please visit: https://selenium.dev/exceptions/#no_such_element&#10;Build info: version: &apos;4.0.0&apos;, revision: &apos;3a21814679&apos;&#10;System info: host: &apos;AUL-DEV-03&apos;, ip: &apos;10.0.5.63&apos;, os.name: &apos;Windows 10&apos;, os.arch: &apos;amd64&apos;, os.version: &apos;10.0&apos;, java.version: &apos;1.8.0_261&apos;&#10;Driver info: org.openqa.selenium.chrome.ChromeDriver&#10;Command: [42cc9c6fb5d84ba2ae0c3caf9a2ec843, findElement {using=css selector, value=input[placeholder=&quot;Enter your username&quot;]}]&#10;Capabilities {acceptInsecureCerts: false, browserName: chrome, browserVersion: 97.0.4692.99, chrome: {chromedriverVersion: 96.0.4664.45 (76e4c1bb2ab46..., userDataDir: C:\Users\ANKIT~1.SRI\AppDat...}, goog:chromeOptions: {debuggerAddress: localhost:51181}, javascriptEnabled: true, networkConnectionEnabled: false, pageLoadStrategy: normal, platform: WINDOWS, platformName: WINDOWS, proxy: Proxy(), se:cdp: ws://localhost:51181/devtoo..., se:cdpVersion: 97.0.4692.99, setWindowRect: true, strictFileInteractability: false, timeouts: {implicit: 0, pageLoad: 300000, script: 30000}, unhandledPromptBehavior: dismiss and notify, webauthn:extension:credBlob: true, webauthn:extension:largeBlob: true, webauthn:virtualAuthenticators: true}&#10;Session ID: 42cc9c6fb5d84ba2ae0c3caf9a2ec843" type="org.openqa.selenium.NoSuchElementException"><![CDATA[org.openqa.selenium.NoSuchElementException: 
no such element: Unable to locate element: {"method":"css selector","selector":"input[placeholder="Enter your username"]"}
  (Session info: chrome=97.0.4692.99)
For documentation on this error, please visit: https://selenium.dev/exceptions/#no_such_element
Build info: version: '4.0.0', revision: '3a21814679'
System info: host: 'AUL-DEV-03', ip: '10.0.5.63', os.name: 'Windows 10', os.arch: 'amd64', os.version: '10.0', java.version: '1.8.0_261'
Driver info: org.openqa.selenium.chrome.ChromeDriver
Command: [42cc9c6fb5d84ba2ae0c3caf9a2ec843, findElement {using=css selector, value=input[placeholder="Enter your username"]}]
Capabilities {acceptInsecureCerts: false, browserName: chrome, browserVersion: 97.0.4692.99, chrome: {chromedriverVersion: 96.0.4664.45 (76e4c1bb2ab46..., userDataDir: C:\Users\ANKIT~1.SRI\AppDat...}, goog:chromeOptions: {debuggerAddress: localhost:51181}, javascriptEnabled: true, networkConnectionEnabled: false, pageLoadStrategy: normal, platform: WINDOWS, platformName: WINDOWS, proxy: Proxy(), se:cdp: ws://localhost:51181/devtoo..., se:cdpVersion: 97.0.4692.99, setWindowRect: true, strictFileInteractability: false, timeouts: {implicit: 0, pageLoad: 300000, script: 30000}, unhandledPromptBehavior: dismiss and notify, webauthn:extension:credBlob: true, webauthn:extension:largeBlob: true, webauthn:virtualAuthenticators: true}
Session ID: 42cc9c6fb5d84ba2ae0c3caf9a2ec843
	at testsuite.earlyClaims_test.verifyToastMessage(earlyClaims_test.java:260)
]]></failure>
    <system-out><![CDATA[verifyToastMessage test case started
verifyToastMessage dealer modal
The name of the testcase failed is :verifyToastMessage
]]></system-out>
  </testcase>
  <testcase name="verifyToastMessage[Dealer7032823, 4558600, dealer, mainpageXls](3)" classname="testsuite.earlyClaims_test" time="2.274">
    <failure message="no such element: Unable to locate element: {&quot;method&quot;:&quot;css selector&quot;,&quot;selector&quot;:&quot;input[placeholder=&quot;Enter your username&quot;]&quot;}&#10;  (Session info: chrome=97.0.4692.99)&#10;For documentation on this error, please visit: https://selenium.dev/exceptions/#no_such_element&#10;Build info: version: &apos;4.0.0&apos;, revision: &apos;3a21814679&apos;&#10;System info: host: &apos;AUL-DEV-03&apos;, ip: &apos;10.0.5.63&apos;, os.name: &apos;Windows 10&apos;, os.arch: &apos;amd64&apos;, os.version: &apos;10.0&apos;, java.version: &apos;1.8.0_261&apos;&#10;Driver info: org.openqa.selenium.chrome.ChromeDriver&#10;Command: [42cc9c6fb5d84ba2ae0c3caf9a2ec843, findElement {using=css selector, value=input[placeholder=&quot;Enter your username&quot;]}]&#10;Capabilities {acceptInsecureCerts: false, browserName: chrome, browserVersion: 97.0.4692.99, chrome: {chromedriverVersion: 96.0.4664.45 (76e4c1bb2ab46..., userDataDir: C:\Users\ANKIT~1.SRI\AppDat...}, goog:chromeOptions: {debuggerAddress: localhost:51181}, javascriptEnabled: true, networkConnectionEnabled: false, pageLoadStrategy: normal, platform: WINDOWS, platformName: WINDOWS, proxy: Proxy(), se:cdp: ws://localhost:51181/devtoo..., se:cdpVersion: 97.0.4692.99, setWindowRect: true, strictFileInteractability: false, timeouts: {implicit: 0, pageLoad: 300000, script: 30000}, unhandledPromptBehavior: dismiss and notify, webauthn:extension:credBlob: true, webauthn:extension:largeBlob: true, webauthn:virtualAuthenticators: true}&#10;Session ID: 42cc9c6fb5d84ba2ae0c3caf9a2ec843" type="org.openqa.selenium.NoSuchElementException"><![CDATA[org.openqa.selenium.NoSuchElementException: 
no such element: Unable to locate element: {"method":"css selector","selector":"input[placeholder="Enter your username"]"}
  (Session info: chrome=97.0.4692.99)
For documentation on this error, please visit: https://selenium.dev/exceptions/#no_such_element
Build info: version: '4.0.0', revision: '3a21814679'
System info: host: 'AUL-DEV-03', ip: '10.0.5.63', os.name: 'Windows 10', os.arch: 'amd64', os.version: '10.0', java.version: '1.8.0_261'
Driver info: org.openqa.selenium.chrome.ChromeDriver
Command: [42cc9c6fb5d84ba2ae0c3caf9a2ec843, findElement {using=css selector, value=input[placeholder="Enter your username"]}]
Capabilities {acceptInsecureCerts: false, browserName: chrome, browserVersion: 97.0.4692.99, chrome: {chromedriverVersion: 96.0.4664.45 (76e4c1bb2ab46..., userDataDir: C:\Users\ANKIT~1.SRI\AppDat...}, goog:chromeOptions: {debuggerAddress: localhost:51181}, javascriptEnabled: true, networkConnectionEnabled: false, pageLoadStrategy: normal, platform: WINDOWS, platformName: WINDOWS, proxy: Proxy(), se:cdp: ws://localhost:51181/devtoo..., se:cdpVersion: 97.0.4692.99, setWindowRect: true, strictFileInteractability: false, timeouts: {implicit: 0, pageLoad: 300000, script: 30000}, unhandledPromptBehavior: dismiss and notify, webauthn:extension:credBlob: true, webauthn:extension:largeBlob: true, webauthn:virtualAuthenticators: true}
Session ID: 42cc9c6fb5d84ba2ae0c3caf9a2ec843
	at testsuite.earlyClaims_test.verifyToastMessage(earlyClaims_test.java:260)
]]></failure>
    <system-out><![CDATA[verifyToastMessage test case started
verifyToastMessage dealer mainpageXls
The name of the testcase failed is :verifyToastMessage
]]></system-out>
  </testcase>
  <testcase name="verifyToastMessage[Dealer7032823, 4558600, dealer, modalXls](4)" classname="testsuite.earlyClaims_test" time="2.207">
    <failure message="no such element: Unable to locate element: {&quot;method&quot;:&quot;css selector&quot;,&quot;selector&quot;:&quot;input[placeholder=&quot;Enter your username&quot;]&quot;}&#10;  (Session info: chrome=97.0.4692.99)&#10;For documentation on this error, please visit: https://selenium.dev/exceptions/#no_such_element&#10;Build info: version: &apos;4.0.0&apos;, revision: &apos;3a21814679&apos;&#10;System info: host: &apos;AUL-DEV-03&apos;, ip: &apos;10.0.5.63&apos;, os.name: &apos;Windows 10&apos;, os.arch: &apos;amd64&apos;, os.version: &apos;10.0&apos;, java.version: &apos;1.8.0_261&apos;&#10;Driver info: org.openqa.selenium.chrome.ChromeDriver&#10;Command: [42cc9c6fb5d84ba2ae0c3caf9a2ec843, findElement {using=css selector, value=input[placeholder=&quot;Enter your username&quot;]}]&#10;Capabilities {acceptInsecureCerts: false, browserName: chrome, browserVersion: 97.0.4692.99, chrome: {chromedriverVersion: 96.0.4664.45 (76e4c1bb2ab46..., userDataDir: C:\Users\ANKIT~1.SRI\AppDat...}, goog:chromeOptions: {debuggerAddress: localhost:51181}, javascriptEnabled: true, networkConnectionEnabled: false, pageLoadStrategy: normal, platform: WINDOWS, platformName: WINDOWS, proxy: Proxy(), se:cdp: ws://localhost:51181/devtoo..., se:cdpVersion: 97.0.4692.99, setWindowRect: true, strictFileInteractability: false, timeouts: {implicit: 0, pageLoad: 300000, script: 30000}, unhandledPromptBehavior: dismiss and notify, webauthn:extension:credBlob: true, webauthn:extension:largeBlob: true, webauthn:virtualAuthenticators: true}&#10;Session ID: 42cc9c6fb5d84ba2ae0c3caf9a2ec843" type="org.openqa.selenium.NoSuchElementException"><![CDATA[org.openqa.selenium.NoSuchElementException: 
no such element: Unable to locate element: {"method":"css selector","selector":"input[placeholder="Enter your username"]"}
  (Session info: chrome=97.0.4692.99)
For documentation on this error, please visit: https://selenium.dev/exceptions/#no_such_element
Build info: version: '4.0.0', revision: '3a21814679'
System info: host: 'AUL-DEV-03', ip: '10.0.5.63', os.name: 'Windows 10', os.arch: 'amd64', os.version: '10.0', java.version: '1.8.0_261'
Driver info: org.openqa.selenium.chrome.ChromeDriver
Command: [42cc9c6fb5d84ba2ae0c3caf9a2ec843, findElement {using=css selector, value=input[placeholder="Enter your username"]}]
Capabilities {acceptInsecureCerts: false, browserName: chrome, browserVersion: 97.0.4692.99, chrome: {chromedriverVersion: 96.0.4664.45 (76e4c1bb2ab46..., userDataDir: C:\Users\ANKIT~1.SRI\AppDat...}, goog:chromeOptions: {debuggerAddress: localhost:51181}, javascriptEnabled: true, networkConnectionEnabled: false, pageLoadStrategy: normal, platform: WINDOWS, platformName: WINDOWS, proxy: Proxy(), se:cdp: ws://localhost:51181/devtoo..., se:cdpVersion: 97.0.4692.99, setWindowRect: true, strictFileInteractability: false, timeouts: {implicit: 0, pageLoad: 300000, script: 30000}, unhandledPromptBehavior: dismiss and notify, webauthn:extension:credBlob: true, webauthn:extension:largeBlob: true, webauthn:virtualAuthenticators: true}
Session ID: 42cc9c6fb5d84ba2ae0c3caf9a2ec843
	at testsuite.earlyClaims_test.verifyToastMessage(earlyClaims_test.java:260)
]]></failure>
    <system-out><![CDATA[verifyToastMessage test case started
verifyToastMessage dealer modalXls
The name of the testcase failed is :verifyToastMessage
]]></system-out>
  </testcase>
  <testcase name="VerifyTabAndPDFForms[Dealer7032823, 4558600, Dealer](1)" classname="testsuite.toolBox_test" time="30.28">
    <failure message="no such element: Unable to locate element: {&quot;method&quot;:&quot;css selector&quot;,&quot;selector&quot;:&quot;input[placeholder=&quot;Enter your username&quot;]&quot;}&#10;  (Session info: chrome=97.0.4692.99)&#10;For documentation on this error, please visit: https://selenium.dev/exceptions/#no_such_element&#10;Build info: version: &apos;4.0.0&apos;, revision: &apos;3a21814679&apos;&#10;System info: host: &apos;AUL-DEV-03&apos;, ip: &apos;10.0.5.63&apos;, os.name: &apos;Windows 10&apos;, os.arch: &apos;amd64&apos;, os.version: &apos;10.0&apos;, java.version: &apos;1.8.0_261&apos;&#10;Driver info: org.openqa.selenium.chrome.ChromeDriver&#10;Command: [42cc9c6fb5d84ba2ae0c3caf9a2ec843, findElement {using=css selector, value=input[placeholder=&quot;Enter your username&quot;]}]&#10;Capabilities {acceptInsecureCerts: false, browserName: chrome, browserVersion: 97.0.4692.99, chrome: {chromedriverVersion: 96.0.4664.45 (76e4c1bb2ab46..., userDataDir: C:\Users\ANKIT~1.SRI\AppDat...}, goog:chromeOptions: {debuggerAddress: localhost:51181}, javascriptEnabled: true, networkConnectionEnabled: false, pageLoadStrategy: normal, platform: WINDOWS, platformName: WINDOWS, proxy: Proxy(), se:cdp: ws://localhost:51181/devtoo..., se:cdpVersion: 97.0.4692.99, setWindowRect: true, strictFileInteractability: false, timeouts: {implicit: 0, pageLoad: 300000, script: 30000}, unhandledPromptBehavior: dismiss and notify, webauthn:extension:credBlob: true, webauthn:extension:largeBlob: true, webauthn:virtualAuthenticators: true}&#10;Session ID: 42cc9c6fb5d84ba2ae0c3caf9a2ec843" type="org.openqa.selenium.NoSuchElementException"><![CDATA[org.openqa.selenium.NoSuchElementException: 
no such element: Unable to locate element: {"method":"css selector","selector":"input[placeholder="Enter your username"]"}
  (Session info: chrome=97.0.4692.99)
For documentation on this error, please visit: https://selenium.dev/exceptions/#no_such_element
Build info: version: '4.0.0', revision: '3a21814679'
System info: host: 'AUL-DEV-03', ip: '10.0.5.63', os.name: 'Windows 10', os.arch: 'amd64', os.version: '10.0', java.version: '1.8.0_261'
Driver info: org.openqa.selenium.chrome.ChromeDriver
Command: [42cc9c6fb5d84ba2ae0c3caf9a2ec843, findElement {using=css selector, value=input[placeholder="Enter your username"]}]
Capabilities {acceptInsecureCerts: false, browserName: chrome, browserVersion: 97.0.4692.99, chrome: {chromedriverVersion: 96.0.4664.45 (76e4c1bb2ab46..., userDataDir: C:\Users\ANKIT~1.SRI\AppDat...}, goog:chromeOptions: {debuggerAddress: localhost:51181}, javascriptEnabled: true, networkConnectionEnabled: false, pageLoadStrategy: normal, platform: WINDOWS, platformName: WINDOWS, proxy: Proxy(), se:cdp: ws://localhost:51181/devtoo..., se:cdpVersion: 97.0.4692.99, setWindowRect: true, strictFileInteractability: false, timeouts: {implicit: 0, pageLoad: 300000, script: 30000}, unhandledPromptBehavior: dismiss and notify, webauthn:extension:credBlob: true, webauthn:extension:largeBlob: true, webauthn:virtualAuthenticators: true}
Session ID: 42cc9c6fb5d84ba2ae0c3caf9a2ec843
	at testsuite.toolBox_test.VerifyTabAndPDFForms(toolBox_test.java:49)
]]></failure>
    <system-out><![CDATA[VerifyTabAndPDFForms test case started
The name of the testcase failed is :VerifyTabAndPDFForms
]]></system-out>
  </testcase>
  <testcase name="VerifyTabAndPDFForms[Agent110, Since1996, Agent](2)" classname="testsuite.toolBox_test" time="30.219">
    <failure message="no such element: Unable to locate element: {&quot;method&quot;:&quot;css selector&quot;,&quot;selector&quot;:&quot;input[placeholder=&quot;Enter your username&quot;]&quot;}&#10;  (Session info: chrome=97.0.4692.99)&#10;For documentation on this error, please visit: https://selenium.dev/exceptions/#no_such_element&#10;Build info: version: &apos;4.0.0&apos;, revision: &apos;3a21814679&apos;&#10;System info: host: &apos;AUL-DEV-03&apos;, ip: &apos;10.0.5.63&apos;, os.name: &apos;Windows 10&apos;, os.arch: &apos;amd64&apos;, os.version: &apos;10.0&apos;, java.version: &apos;1.8.0_261&apos;&#10;Driver info: org.openqa.selenium.chrome.ChromeDriver&#10;Command: [42cc9c6fb5d84ba2ae0c3caf9a2ec843, findElement {using=css selector, value=input[placeholder=&quot;Enter your username&quot;]}]&#10;Capabilities {acceptInsecureCerts: false, browserName: chrome, browserVersion: 97.0.4692.99, chrome: {chromedriverVersion: 96.0.4664.45 (76e4c1bb2ab46..., userDataDir: C:\Users\ANKIT~1.SRI\AppDat...}, goog:chromeOptions: {debuggerAddress: localhost:51181}, javascriptEnabled: true, networkConnectionEnabled: false, pageLoadStrategy: normal, platform: WINDOWS, platformName: WINDOWS, proxy: Proxy(), se:cdp: ws://localhost:51181/devtoo..., se:cdpVersion: 97.0.4692.99, setWindowRect: true, strictFileInteractability: false, timeouts: {implicit: 0, pageLoad: 300000, script: 30000}, unhandledPromptBehavior: dismiss and notify, webauthn:extension:credBlob: true, webauthn:extension:largeBlob: true, webauthn:virtualAuthenticators: true}&#10;Session ID: 42cc9c6fb5d84ba2ae0c3caf9a2ec843" type="org.openqa.selenium.NoSuchElementException"><![CDATA[org.openqa.selenium.NoSuchElementException: 
no such element: Unable to locate element: {"method":"css selector","selector":"input[placeholder="Enter your username"]"}
  (Session info: chrome=97.0.4692.99)
For documentation on this error, please visit: https://selenium.dev/exceptions/#no_such_element
Build info: version: '4.0.0', revision: '3a21814679'
System info: host: 'AUL-DEV-03', ip: '10.0.5.63', os.name: 'Windows 10', os.arch: 'amd64', os.version: '10.0', java.version: '1.8.0_261'
Driver info: org.openqa.selenium.chrome.ChromeDriver
Command: [42cc9c6fb5d84ba2ae0c3caf9a2ec843, findElement {using=css selector, value=input[placeholder="Enter your username"]}]
Capabilities {acceptInsecureCerts: false, browserName: chrome, browserVersion: 97.0.4692.99, chrome: {chromedriverVersion: 96.0.4664.45 (76e4c1bb2ab46..., userDataDir: C:\Users\ANKIT~1.SRI\AppDat...}, goog:chromeOptions: {debuggerAddress: localhost:51181}, javascriptEnabled: true, networkConnectionEnabled: false, pageLoadStrategy: normal, platform: WINDOWS, platformName: WINDOWS, proxy: Proxy(), se:cdp: ws://localhost:51181/devtoo..., se:cdpVersion: 97.0.4692.99, setWindowRect: true, strictFileInteractability: false, timeouts: {implicit: 0, pageLoad: 300000, script: 30000}, unhandledPromptBehavior: dismiss and notify, webauthn:extension:credBlob: true, webauthn:extension:largeBlob: true, webauthn:virtualAuthenticators: true}
Session ID: 42cc9c6fb5d84ba2ae0c3caf9a2ec843
	at testsuite.toolBox_test.VerifyTabAndPDFForms(toolBox_test.java:49)
]]></failure>
    <system-out><![CDATA[VerifyTabAndPDFForms test case started
The name of the testcase failed is :VerifyTabAndPDFForms
]]></system-out>
  </testcase>
</testsuite>